Chronologic VCS simulator copyright 1991-2018
Contains Synopsys proprietary information.
Compiler version O-2018.09-SP2_Full64; Runtime version O-2018.09-SP2_Full64;  Sep  3 11:34 2025

 VCS Coverage Metrics Release O-2018.09-SP2_Full64 Copyright (c) 1991-2018 by Synopsys Inc.
开始固定测试...
固定测试 0: 通过 - a=3c00, b=3c00, softfloat=3f800000 (标志=00000000), 实际值=3f800000
固定测试 1: 通过 - a=4000, b=3c00, softfloat=40000000 (标志=00000000), 实际值=40000000
固定测试 2: 通过 - a=3c00, b=4000, softfloat=40000000 (标志=00000000), 实际值=40000000
固定测试 3: 通过 - a=7bff, b=3c00, softfloat=477fe000 (标志=00000000), 实际值=477fe000
固定测试 4: 通过 - a=0400, b=3c00, softfloat=38800000 (标志=00000000), 实际值=38800000
固定测试 5: 通过 - a=7c00, b=3c00, softfloat=7f800000 (标志=00000000), 实际值=7f800000
固定测试 6: 通过 - a=3c00, b=7c00, softfloat=7f800000 (标志=00000000), 实际值=7f800000
固定测试 7: 通过 - a=7c00, b=7c00, softfloat=7f800000 (标志=00000000), 实际值=7f800000
固定测试 8: 通过 - a=7c01, b=3c00, softfloat=7fc02000 (标志=00000010), 实际值=7fc00000
固定测试 9: 通过 - a=3c00, b=7c01, softfloat=7fc02000 (标志=00000010), 实际值=7fc00000
固定测试 10: 通过 - a=0000, b=3c00, softfloat=00000000 (标志=00000000), 实际值=00000000
固定测试 11: 通过 - a=3c00, b=0000, softfloat=00000000 (标志=00000000), 实际值=00000000
固定测试 12: 通过 - a=8000, b=3c00, softfloat=80000000 (标志=00000000), 实际值=80000000
固定测试 13: 通过 - a=0001, b=3c00, softfloat=33800000 (标志=00000000), 实际值=33800000
固定测试 14: 通过 - a=03ff, b=3c00, softfloat=387fc000 (标志=00000000), 实际值=387fc000
固定测试 15: 通过 - a=4400, b=4400, softfloat=41800000 (标志=00000000), 实际值=41800000
固定测试 16: 通过 - a=4400, b=4500, softfloat=41a00000 (标志=00000000), 实际值=41a00000
固定测试 17: 通过 - a=4400, b=3e00, softfloat=40c00000 (标志=00000000), 实际值=40c00000
固定测试 18: 通过 - a=3800, b=3800, softfloat=3e800000 (标志=00000000), 实际值=3e800000
固定测试 19: 通过 - a=4400, b=c000, softfloat=c1000000 (标志=00000000), 实际值=c1000000
固定测试 20: 通过 - a=bc00, b=bc00, softfloat=3f800000 (标志=00000000), 实际值=3f800000
固定测试 21: 通过 - a=5400, b=5400, softfloat=45800000 (标志=00000000), 实际值=45800000
固定测试 22: 通过 - a=4800, b=3400, softfloat=40000000 (标志=00000000), 实际值=40000000
固定测试 23: 通过 - a=0400, b=0400, softfloat=31800000 (标志=00000000), 实际值=31800000
固定测试 24: 通过 - a=7800, b=0400, softfloat=40000000 (标志=00000000), 实际值=40000000
固定测试 25: 通过 - a=0400, b=7800, softfloat=40000000 (标志=00000000), 实际值=40000000
固定测试 26: 通过 - a=7800, b=7800, softfloat=4e800000 (标志=00000000), 实际值=4e800000
固定测试 27: 通过 - a=7800, b=0800, softfloat=40800000 (标志=00000000), 实际值=40800000
固定测试 28: 通过 - a=3bff, b=4000, softfloat=3fffe000 (标志=00000000), 实际值=3fffe000
固定测试 29: 通过 - a=3c01, b=3c01, softfloat=3f804008 (标志=00000000), 实际值=3f804008
固定测试 30: 通过 - a=0001, b=0001, softfloat=27800000 (标志=00000000), 实际值=27800000
固定测试 31: 通过 - a=0400, b=8400, softfloat=b1800000 (标志=00000000), 实际值=b1800000
固定测试 32: 通过 - a=7c00, b=0000, softfloat=ffc00000 (标志=00000010), 实际值=7fc00000
固定测试 33: 通过 - a=fc00, b=7c00, softfloat=ff800000 (标志=00000000), 实际值=ff800000
固定测试 34: 通过 - a=7c01, b=7c00, softfloat=7fc02000 (标志=00000010), 实际值=7fc00000
固定测试 35: 通过 - a=0000, b=8000, softfloat=80000000 (标志=00000000), 实际值=80000000
固定测试 36: 通过 - a=03ff, b=0400, softfloat=317fc000 (标志=00000000), 实际值=317fc000
固定测试 37: 通过 - a=7bff, b=7bff, softfloat=4f7fc004 (标志=00000000), 实际值=4f7fc004
固定测试完成
开始无效指令测试 (组0, 寄存器组0)...
无效指令测试通过: 结果保持不变
开始所有寄存器组组合测试 (组0)...
交叉寄存器(0*0)测试 39: 通过 - a=3c00, b=4000, softfloat=40000000 (标志=00000000), 实际值=40000000
交叉寄存器(0*1)测试 40: 通过 - a=3c00, b=4400, softfloat=40800000 (标志=00000000), 实际值=40800000
交叉寄存器(1*0)测试 41: 通过 - a=bc00, b=4000, softfloat=c0000000 (标志=00000000), 实际值=c0000000
交叉寄存器(1*1)测试 42: 通过 - a=bc00, b=4400, softfloat=c0800000 (标志=00000000), 实际值=c0800000
开始32组同时随机测试 (5轮，每轮32组)...
32组同时测试 43: 通过 - a=3524, b=5e81, softfloat=4305bc90 (标志=00000000), 实际值=4305bc90
32组同时测试 44: 通过 - a=d609, b=5663, softfloat=c61a2dec (标志=00000000), 实际值=c61a2dec
32组同时测试 45: 通过 - a=7b0d, b=998d, softfloat=c31c8ca4 (标志=00000000), 实际值=c31c8ca4
32组同时测试 46: 通过 - a=8465, b=5212, softfloat=bb5568d0 (标志=00000000), 实际值=bb5568d0
32组同时测试 47: 通过 - a=e301, b=cd0d, softfloat=468d8034 (标志=00000000), 实际值=468d8034
32组同时测试 48: 通过 - a=f176, b=cd3d, softfloat=4864d8f0 (标志=00000000), 实际值=4864d8f0
32组同时测试 49: 通过 - a=57ed, b=f78c, softfloat=ca6f4270 (标志=00000000), 实际值=ca6f4270
32组同时测试 50: 通过 - a=e9f9, b=24c6, softfloat=c26414b0 (标志=00000000), 实际值=c26414b0
32组同时测试 51: 通过 - a=84c5, b=d2aa, softfloat=3b7e4690 (标志=00000000), 实际值=3b7e4690
32组同时测试 52: 通过 - a=f7e5, b=7277, softfloat=cdcc25cc (标志=00000000), 实际值=cdcc25cc
32组同时测试 53: 通过 - a=d612, b=db8f, softfloat=46b78838 (标志=00000000), 实际值=46b78838
32组同时测试 54: 通过 - a=69f2, b=96ce, softfloat=c0a1d2f0 (标志=00000000), 实际值=c0a1d2f0
32组同时测试 55: 通过 - a=7ae8, b=4ec5, softfloat=49bb0220 (标志=00000000), 实际值=49bb0220
32组同时测试 56: 通过 - a=495c, b=28bd, softfloat=3ecb2760 (标志=00000000), 实际值=3ecb2760
32组同时测试 57: 通过 - a=582d, b=2665, softfloat=40559e08 (标志=00000000), 实际值=40559e08
32组同时测试 58: 通过 - a=6263, b=870a, softfloat=bdb3d378 (标志=00000000), 实际值=bdb3d378
32组同时测试 59: 通过 - a=2280, b=2120, softfloat=39054000 (标志=00000000), 实际值=39054000
32组同时测试 60: 通过 - a=45aa, b=cc9d, softfloat=c2d10a10 (标志=00000000), 实际值=c2d10a10
32组同时测试 61: 通过 - a=3e96, b=b813, softfloat=bf56a910 (标志=00000000), 实际值=bf56a910
32组同时测试 62: 通过 - a=380d, b=d653, softfloat=c24cf1b8 (标志=00000000), 实际值=c24cf1b8
32组同时测试 63: 通过 - a=dd6b, b=2ad5, softfloat=c194101c (标志=00000000), 实际值=c194101c
32组同时测试 64: 通过 - a=4a02, b=3eae, softfloat=41a08570 (标志=00000000), 实际值=41a08570
32组同时测试 65: 通过 - a=e91d, b=72cf, softfloat=cc0b41cc (标志=00000000), 实际值=cc0b41cc
32组同时测试 66: 通过 - a=4923, b=650a, softfloat=464f12f0 (标志=00000000), 实际值=464f12f0
32组同时测试 67: 通过 - a=0aca, b=4c3c, softfloat=3b65fac0 (标志=00000000), 实际值=3b65fac0
32组同时测试 68: 通过 - a=bdf2, b=618a, softfloat=c483b9d0 (标志=00000000), 实际值=c483b9d0
32组同时测试 69: 通过 - a=b341, b=34d8, softfloat=bd8c8b60 (标志=00000000), 实际值=bd8c8b60
32组同时测试 70: 通过 - a=f378, b=1289, softfloat=c1433ce0 (标志=00000000), 实际值=c1433ce0
32组同时测试 71: 通过 - a=0deb, b=65b6, softfloat=3f073048 (标志=00000000), 实际值=3f073048
32组同时测试 72: 通过 - a=f9c6, b=13ae, softfloat=c2315a50 (标志=00000000), 实际值=c2315a50
32组同时测试 73: 通过 - a=02bc, b=dd2a, softfloat=bc61ed80 (标志=00000000), 实际值=bc61ed80
32组同时测试 74: 通过 - a=9a0b, b=be71, softfloat=3b9bb36c (标志=00000000), 实际值=3b9bb36c
第1轮32组同时测试完成：通过32组，失败0组
32组同时测试 75: 通过 - a=4185, b=554f, softfloat=436a6858 (标志=00000000), 实际值=436a6858
32组同时测试 76: 通过 - a=603b, b=333a, softfloat=42f492f0 (标志=00000000), 实际值=42f492f0
32组同时测试 77: 通过 - a=327e, b=4b15, softfloat=4037e958 (标志=00000000), 实际值=4037e958
32组同时测试 78: 通过 - a=9bf1, b=4bd9, softfloat=bd794924 (标志=00000000), 实际值=bd794924
32组同时测试 79: 通过 - a=0762, b=fb4c, softfloat=c0d77c60 (标志=00000000), 实际值=c0d77c60
32组同时测试 80: 通过 - a=559f, b=a18f, softfloat=bf79f688 (标志=00000000), 实际值=bf79f688
32组同时测试 81: 通过 - a=a9f8, b=60b7, softfloat=c1e12240 (标志=00000000), 实际值=c1e12240
32组同时测试 82: 通过 - a=569f, b=945c, softfloat=bde6e920 (标志=00000000), 实际值=bde6e920
32组同时测试 83: 通过 - a=c05b, b=3789, softfloat=bf8346cc (标志=00000000), 实际值=bf8346cc
32组同时测试 84: 通过 - a=3249, b=3ed0, softfloat=3eab4540 (标志=00000000), 实际值=3eab4540
32组同时测试 85: 通过 - a=c0d7, b=fc51, softfloat=ffca2000 (标志=00000000), 实际值=7fc00000
32组同时测试 86: 通过 - a=2f96, b=7f0c, softfloat=7fe18000 (标志=00000000), 实际值=7fc00000
32组同时测试 87: 通过 - a=cec2, b=edc8, softfloat=481c4640 (标志=00000000), 实际值=481c4640
32组同时测试 88: 通过 - a=5a77, b=ed3d, softfloat=c987756c (标志=00000000), 实际值=c987756c
32组同时测试 89: 通过 - a=db12, b=007e, softfloat=badeb700 (标志=00000000), 实际值=badeb700
32组同时测试 90: 通过 - a=816d, b=e739, softfloat=3d24c450 (标志=00000000), 实际值=3d24c450
32组同时测试 91: 通过 - a=8f1f, b=f6d3, softfloat=41426234 (标志=00000000), 实际值=41426234
32组同时测试 92: 通过 - a=2f85, b=8878, softfloat=b7866960 (标志=00000000), 实际值=b7866960
32组同时测试 93: 通过 - a=595b, b=4b49, softfloat=451c0fcc (标志=00000000), 实际值=451c0fcc
32组同时测试 94: 通过 - a=ae3f, b=af2a, softfloat=3c32fd58 (标志=00000000), 实际值=3c32fd58
32组同时测试 95: 通过 - a=6358, b=3886, softfloat=4404e040 (标志=00000000), 实际值=4404e040
32组同时测试 96: 通过 - a=0c8e, b=f29c, softfloat=c070d440 (标志=00000000), 实际值=c070d440
32组同时测试 97: 通过 - a=99fa, b=bc26, softfloat=3b4658e0 (标志=00000000), 实际值=3b4658e0
32组同时测试 98: 通过 - a=1773, b=b4a3, softfloat=ba0a28e4 (标志=00000000), 实际值=ba0a28e4
32组同时测试 99: 通过 - a=a82f, b=92b3, softfloat=37e036e8 (标志=00000000), 实际值=37e036e8
32组同时测试 100: 通过 - a=565f, b=0d44, softfloat=3d0630f0 (标志=00000000), 实际值=3d0630f0
32组同时测试 101: 通过 - a=fdf7, b=36cb, softfloat=fffee000 (标志=00000000), 实际值=ffc00000
32组同时测试 102: 通过 - a=1ae6, b=db5a, softfloat=bf4adb70 (标志=00000000), 实际值=bf4adb70
32组同时测试 103: 通过 - a=c129, b=e2ed, softfloat=450ef3d4 (标志=00000000), 实际值=450ef3d4
32组同时测试 104: 通过 - a=6cda, b=b665, softfloat=c4f83010 (标志=00000000), 实际值=c4f83010
32组同时测试 105: 通过 - a=e2b5, b=94df, softfloat=3f82aeac (标志=00000000), 实际值=3f82aeac
32组同时测试 106: 通过 - a=1979, b=ff44, softfloat=ffe88000 (标志=00000000), 实际值=ffc00000
第2轮32组同时测试完成：通过32组，失败0组
32组同时测试 107: 通过 - a=0cd0, b=0b2a, softfloat=3389e880 (标志=00000000), 实际值=3389e880
32组同时测试 108: 通过 - a=adab, b=cf0e, softfloat=401ff168 (标志=00000000), 实际值=401ff168
32组同时测试 109: 通过 - a=addc, b=bc9a, softfloat=3dd7b2c0 (标志=00000000), 实际值=3dd7b2c0
32组同时测试 110: 通过 - a=72fd, b=02c3, softfloat=3f1a65b8 (标志=00000000), 实际值=3f1a65b8
32组同时测试 111: 通过 - a=ed56, b=e94e, softfloat=4b6271a0 (标志=00000000), 实际值=4b6271a0
32组同时测试 112: 通过 - a=7667, b=340a, softfloat=45cee030 (标志=00000000), 实际值=45cee030
32组同时测试 113: 通过 - a=b9b6, b=8a38, softfloat=390e0f40 (标志=00000000), 实际值=390e0f40
32组同时测试 114: 通过 - a=8779, b=c4b8, softfloat=3a0d0be0 (标志=00000000), 实际值=3a0d0be0
32组同时测试 115: 通过 - a=bf94, b=5d93, softfloat=c428f7f0 (标志=00000000), 实际值=c428f7f0
32组同时测试 116: 通过 - a=2c04, b=ca59, softfloat=bf4beb20 (标志=00000000), 实际值=bf4beb20
32组同时测试 117: 通过 - a=69db, b=de4d, softfloat=c993937c (标志=00000000), 实际值=c993937c
32组同时测试 118: 通过 - a=b7d9, b=266d, softfloat=bc49b594 (标志=00000000), 实际值=bc49b594
32组同时测试 119: 通过 - a=e276, b=49ca, softfloat=c6159c70 (标志=00000000), 实际值=c6159c70
32组同时测试 120: 通过 - a=2db6, b=7195, softfloat=447f0770 (标志=00000000), 实际值=447f0770
32组同时测试 121: 通过 - a=1a46, b=9b04, softfloat=b7300c60 (标志=00000000), 实际值=b7300c60
32组同时测试 122: 通过 - a=61f7, b=0769, softfloat=3db0cd3c (标志=00000000), 实际值=3db0cd3c
32组同时测试 123: 通过 - a=bab4, b=8d88, softfloat=39944e80 (标志=00000000), 实际值=39944e80
32组同时测试 124: 通过 - a=d928, b=042d, softfloat=bc2c4040 (标志=00000000), 实际值=bc2c4040
32组同时测试 125: 通过 - a=30c7, b=9c2e, softfloat=ba1fbe10 (标志=00000000), 实际值=ba1fbe10
32组同时测试 126: 通过 - a=e408, b=451c, softfloat=c5a4c700 (标志=00000000), 实际值=c5a4c700
32组同时测试 127: 通过 - a=a6fd, b=0729, softfloat=b6482614 (标志=00000000), 实际值=b6482614
32组同时测试 128: 通过 - a=901c, b=6786, softfloat=bf775540 (标志=00000000), 实际值=bf775540
32组同时测试 129: 通过 - a=08da, b=c63d, softfloat=ba721f90 (标志=00000000), 实际值=ba721f90
32组同时测试 130: 通过 - a=a766, b=c470, softfloat=3e035280 (标志=00000000), 实际值=3e035280
32组同时测试 131: 通过 - a=0473, b=99ba, softfloat=b44bd470 (标志=00000000), 实际值=b44bd470
32组同时测试 132: 通过 - a=b35e, b=79fa, softfloat=c6301f30 (标志=00000000), 实际值=c6301f30
32组同时测试 133: 通过 - a=05d5, b=f61a, softfloat=c00e5688 (标志=00000000), 实际值=c00e5688
32组同时测试 134: 通过 - a=00b9, b=6137, softfloat=3bf12fc0 (标志=00000000), 实际值=3bf12fc0
32组同时测试 135: 通过 - a=3796, b=21c0, softfloat=3bae7a00 (标志=00000000), 实际值=3bae7a00
32组同时测试 136: 通过 - a=9f26, b=1ab6, softfloat=b7bfe410 (标志=00000000), 实际值=b7bfe410
32组同时测试 137: 通过 - a=837d, b=0fdc, softfloat=b2db5360 (标志=00000000), 实际值=b2db5360
32组同时测试 138: 通过 - a=5786, b=ff78, softfloat=ffef0000 (标志=00000000), 实际值=ffc00000
第3轮32组同时测试完成：通过32组，失败0组
32组同时测试 139: 通过 - a=9b7e, b=80db, softfloat=334d1940 (标志=00000000), 实际值=334d1940
32组同时测试 140: 通过 - a=b6cf, b=2b79, softfloat=bccb835c (标志=00000000), 实际值=bccb835c
32组同时测试 141: 通过 - a=e4fa, b=ee61, softfloat=4afdf5d0 (标志=00000000), 实际值=4afdf5d0
32组同时测试 142: 通过 - a=0917, b=78a1, softfloat=40bc7bb8 (标志=00000000), 实际值=40bc7bb8
32组同时测试 143: 通过 - a=9186, b=9650, softfloat=358b7780 (标志=00000000), 实际值=358b7780
32组同时测试 144: 通过 - a=59f5, b=8835, softfloat=bcc87dc8 (标志=00000000), 实际值=bcc87dc8
32组同时测试 145: 通过 - a=8a29, b=75c1, softfloat=c08dc7a4 (标志=00000000), 实际值=c08dc7a4
32组同时测试 146: 通过 - a=74c5, b=b498, softfloat=c5af47c0 (标志=00000000), 实际值=c5af47c0
32组同时测试 147: 通过 - a=7b4b, b=4273, softfloat=483c22c4 (标志=00000000), 实际值=483c22c4
32组同时测试 148: 通过 - a=e6ec, b=168a, softfloat=c0350ce0 (标志=00000000), 实际值=c0350ce0
32组同时测试 149: 通过 - a=d14e, b=80a8, softfloat=39decc00 (标志=00000000), 实际值=39decc00
32组同时测试 150: 通过 - a=fda9, b=8ca1, softfloat=fff52000 (标志=00000000), 实际值=7fc00000
32组同时测试 151: 通过 - a=b90e, b=66e6, softfloat=c48b7a50 (标志=00000000), 实际值=c48b7a50
32组同时测试 152: 通过 - a=c09f, b=b52a, softfloat=3f3ee8b0 (标志=00000000), 实际值=3f3ee8b0
32组同时测试 153: 通过 - a=1d2a, b=f48d, softfloat=c2bc0110 (标志=00000000), 实际值=c2bc0110
32组同时测试 154: 通过 - a=ff9e, b=e638, softfloat=fff3c000 (标志=00000000), 实际值=7fc00000
32组同时测试 155: 通过 - a=a879, b=e3c8, softfloat=420b3620 (标志=00000000), 实际值=420b3620
32组同时测试 156: 通过 - a=45ca, b=4113, softfloat=416afff0 (标志=00000000), 实际值=416afff0
32组同时测试 157: 通过 - a=c96b, b=aec7, softfloat=3f92e0b4 (标志=00000000), 实际值=3f92e0b4
32组同时测试 158: 通过 - a=ddb6, b=9dba, softfloat=4002d0f0 (标志=00000000), 实际值=4002d0f0
32组同时测试 159: 通过 - a=abc4, b=95b9, softfloat=38b1c290 (标志=00000000), 实际值=38b1c290
32组同时测试 160: 通过 - a=d392, b=9ab4, softfloat=3e4afaa0 (标志=00000000), 实际值=3e4afaa0
32组同时测试 161: 通过 - a=3b7f, b=9086, softfloat=ba07a1e8 (标志=00000000), 实际值=ba07a1e8
32组同时测试 162: 通过 - a=f5fa, b=94f2, softfloat=41ec72a0 (标志=00000000), 实际值=41ec72a0
32组同时测试 163: 通过 - a=2132, b=5ebd, softfloat=408c07a8 (标志=00000000), 实际值=408c07a8
32组同时测试 164: 通过 - a=cd84, b=a4e4, softfloat=3ed7cc80 (标志=00000000), 实际值=3ed7cc80
32组同时测试 165: 通过 - a=cfca, b=79a9, softfloat=c9b05968 (标志=00000000), 实际值=c9b05968
32组同时测试 166: 通过 - a=a8a1, b=a98e, softfloat=3acdb270 (标志=00000000), 实际值=3acdb270
32组同时测试 167: 通过 - a=6afb, b=1e0b, softfloat=41a8bb24 (标志=00000000), 实际值=41a8bb24
32组同时测试 168: 通过 - a=90ef, b=3dc9, softfloat=ba645538 (标志=00000000), 实际值=ba645538
32组同时测试 169: 通过 - a=e536, b=4875, softfloat=c639cd70 (标志=00000000), 实际值=c639cd70
32组同时测试 170: 通过 - a=568f, b=bf6b, softfloat=c3429b14 (标志=00000000), 实际值=c3429b14
第4轮32组同时测试完成：通过32组，失败0组
32组同时测试 171: 通过 - a=e788, b=b4ae, softfloat=440cf9c0 (标志=00000000), 实际值=440cf9c0
32组同时测试 172: 通过 - a=819b, b=4592, softfloat=b90f1660 (标志=00000000), 实际值=b90f1660
32组同时测试 173: 通过 - a=df28, b=e02d, softfloat=486f1040 (标志=00000000), 实际值=486f1040
32组同时测试 174: 通过 - a=5f4b, b=b0c2, softfloat=c28acb58 (标志=00000000), 实际值=c28acb58
32组同时测试 175: 通过 - a=f61e, b=050d, softfloat=bff72c30 (标志=00000000), 实际值=bff72c30
32组同时测试 176: 通过 - a=fdec, b=9d18, softfloat=fffd8000 (标志=00000000), 实际值=7fc00000
32组同时测试 177: 通过 - a=1bd1, b=1c86, softfloat=378d6d98 (标志=00000000), 实际值=378d6d98
32组同时测试 178: 通过 - a=2441, b=643b, softfloat=418ff7d8 (标志=00000000), 实际值=418ff7d8
32组同时测试 179: 通过 - a=f9d8, b=e953, softfloat=4cf8e840 (标志=00000000), 实际值=4cf8e840
32组同时测试 180: 通过 - a=6256, b=225b, softfloat=41211248 (标志=00000000), 实际值=41211248
32组同时测试 181: 通过 - a=fae2, b=e204, softfloat=4c259e20 (标志=00000000), 实际值=4c259e20
32组同时测试 182: 通过 - a=0373, b=b4d8, softfloat=b785a840 (标志=00000000), 实际值=b785a840
32组同时测试 183: 通过 - a=4d12, b=44b8, softfloat=42bf6780 (标志=00000000), 实际值=42bf6780
32组同时测试 184: 通过 - a=1239, b=b6e5, softfloat=b9ab9bf4 (标志=00000000), 实际值=b9ab9bf4
32组同时测试 185: 通过 - a=dca1, b=0f2b, softfloat=be04b82c (标志=00000000), 实际值=be04b82c
32组同时测试 186: 通过 - a=5d81, b=85c8, softfloat=bcfe8e40 (标志=00000000), 实际值=bcfe8e40
32组同时测试 187: 通过 - a=5527, b=f9a1, softfloat=ca680438 (标志=00000000), 实际值=ca680438
32组同时测试 188: 通过 - a=6e1f, b=3a04, softfloat=459349f0 (标志=00000000), 实际值=459349f0
32组同时测试 189: 通过 - a=2358, b=8096, softfloat=b409b200 (标志=00000000), 实际值=b409b200
32组同时测试 190: 通过 - a=9314, b=b412, softfloat=39667b40 (标志=00000000), 实际值=39667b40
32组同时测试 191: 通过 - a=7096, b=e2b1, softfloat=caf57db0 (标志=00000000), 实际值=caf57db0
32组同时测试 192: 通过 - a=d555, b=8eed, softfloat=3d13b6c4 (标志=00000000), 实际值=3d13b6c4
32组同时测试 193: 通过 - a=2b2b, b=1bf5, softfloat=3964249c (标志=00000000), 实际值=3964249c
32组同时测试 194: 通过 - a=03ad, b=2227, softfloat=3534ead8 (标志=00000000), 实际值=3534ead8
32组同时测试 195: 通过 - a=ff84, b=e4a7, softfloat=fff08000 (标志=00000000), 实际值=7fc00000
32组同时测试 196: 通过 - a=a6e7, b=90b9, softfloat=378263bc (标志=00000000), 实际值=378263bc
32组同时测试 197: 通过 - a=5649, b=bbdb, softfloat=c2c57dcc (标志=00000000), 实际值=c2c57dcc
32组同时测试 198: 通过 - a=0fc9, b=b151, softfloat=b8a58e64 (标志=00000000), 实际值=b8a58e64
32组同时测试 199: 通过 - a=5ea1, b=dd2a, softfloat=c808eda8 (标志=00000000), 实际值=c808eda8
32组同时测试 200: 通过 - a=45fa, b=2045, softfloat=3d4c2310 (标志=00000000), 实际值=3d4c2310
32组同时测试 201: 通过 - a=0583, b=427c, softfloat=398ef5d0 (标志=00000000), 实际值=398ef5d0
32组同时测试 202: 通过 - a=1472, b=3cfe, softfloat=3ab188e0 (标志=00000000), 实际值=3ab188e0
第5轮32组同时测试完成：通过32组，失败0组
32组同时随机测试完成
开始随机测试 (1000次)...
随机测试 0: 通过 - a=f268, b=aa6f, softfloat=4424dc60 (标志=00000000), 实际值=4424dc60
随机测试 1: 通过 - a=0d86, b=21f0, softfloat=36832e80 (标志=00000000), 实际值=36832e80
随机测试 2: 通过 - a=9738, b=9140, softfloat=35979800 (标志=00000000), 实际值=35979800
随机测试 3: 通过 - a=7628, b=a9f6, softfloat=c492c9c0 (标志=00000000), 实际值=c492c9c0
随机测试 4: 通过 - a=1ac5, b=31c0, softfloat=3a1bb300 (标志=00000000), 实际值=3a1bb300
随机测试 5: 通过 - a=5f74, b=7139, softfloat=4a9bb350 (标志=00000000), 实际值=4a9bb350
随机测试 6: 通过 - a=6ab0, b=873c, softfloat=bec18500 (标志=00000000), 实际值=bec18500
随机测试 7: 通过 - a=932a, b=d362, softfloat=3d539050 (标志=00000000), 实际值=3d539050
随机测试 8: 通过 - a=3515, b=4ee1, softfloat=410bd5d4 (标志=00000000), 实际值=410bd5d4
随机测试 9: 通过 - a=9d17, b=ee43, softfloat=41fef828 (标志=00000000), 实际值=41fef828
随机测试 10: 通过 - a=e3c9, b=0486, softfloat=bd8cdcd8 (标志=00000000), 实际值=bd8cdcd8
随机测试 11: 通过 - a=cb25, b=9dc1, softfloat=3da46f94 (标志=00000000), 实际值=3da46f94
随机测试 12: 通过 - a=a28d, b=e25a, softfloat=41266e48 (标志=00000000), 实际值=41266e48
随机测试 13: 通过 - a=2707, b=7b2c, softfloat=44c998d0 (标志=00000000), 实际值=44c998d0
随机测试 14: 通过 - a=5d0c, b=e671, softfloat=c9020930 (标志=00000000), 实际值=c9020930
随机测试 15: 通过 - a=7c3b, b=e5b6, softfloat=7fc76000 (标志=00000010), 实际值=ffc00000
随机测试 16: 通过 - a=c2f7, b=ce9e, softfloat=42b859c8 (标志=00000000), 实际值=42b859c8
随机测试 17: 通过 - a=585c, b=f755, softfloat=ca7fb460 (标志=00000000), 实际值=ca7fb460
随机测试 18: 通过 - a=3a20, b=12a0, softfloat=3a225000 (标志=00000000), 实际值=3a225000
随机测试 19: 通过 - a=0972, b=8cb4, softfloat=b34ce140 (标志=00000000), 实际值=b34ce140
随机测试 20: 通过 - a=f5dd, b=f00d, softfloat=4d3e01c8 (标志=00000000), 实际值=4d3e01c8
随机测试 21: 通过 - a=994b, b=4279, softfloat=bc0909cc (标志=00000000), 实际值=bc0909cc
随机测试 22: 通过 - a=da9e, b=64fd, softfloat=c8840898 (标志=00000000), 实际值=c8840898
随机测试 23: 通过 - a=d27b, b=738f, softfloat=c943eed4 (标志=00000000), 实际值=c943eed4
随机测试 24: 通过 - a=9a03, b=29e3, softfloat=b90d8ea4 (标志=00000000), 实际值=b90d8ea4
随机测试 25: 通过 - a=431d, b=3db1, softfloat=40a1f034 (标志=00000000), 实际值=40a1f034
随机测试 26: 通过 - a=9f44, b=bc95, softfloat=3c052a50 (标志=00000000), 实际值=3c052a50
随机测试 27: 通过 - a=34e0, b=78ed, softfloat=46401b00 (标志=00000000), 实际值=46401b00
随机测试 28: 通过 - a=1552, b=5bf8, softfloat=3ea995c0 (标志=00000000), 实际值=3ea995c0
随机测试 29: 通过 - a=b78d, b=c452, softfloat=40027ca8 (标志=00000000), 实际值=40027ca8
随机测试 30: 通过 - a=e784, b=fd46, softfloat=ffe8c000 (标志=00000010), 实际值=7fc00000
随机测试 31: 通过 - a=928c, b=7d90, softfloat=7ff20000 (标志=00000010), 实际值=ffc00000
随机测试 32: 通过 - a=c117, b=616a, softfloat=c4dc7430 (标志=00000000), 实际值=c4dc7430
随机测试 33: 通过 - a=5784, b=bcaa, softfloat=c30c36a0 (标志=00000000), 实际值=c30c36a0
随机测试 34: 通过 - a=0f7c, b=0260, softfloat=328e3400 (标志=00000000), 实际值=328e3400
随机测试 35: 通过 - a=4dba, b=608b, softfloat=46501ff0 (标志=00000000), 实际值=46501ff0
随机测试 36: 通过 - a=fea6, b=1e25, softfloat=ffd4c000 (标志=00000000), 实际值=ffc00000
随机测试 37: 通过 - a=8332, b=04a2, softfloat=b16cda40 (标志=00000000), 实际值=b16cda40
随机测试 38: 通过 - a=7c49, b=b014, softfloat=7fc92000 (标志=00000010), 实际值=ffc00000
随机测试 39: 通过 - a=c03d, b=034b, softfloat=b8df4df0 (标志=00000000), 实际值=b8df4df0
随机测试 40: 通过 - a=305c, b=7547, softfloat=45380c20 (标志=00000000), 实际值=45380c20
随机测试 41: 通过 - a=9786, b=7a39, softfloat=c2bb4358 (标志=00000000), 实际值=c2bb4358
随机测试 42: 通过 - a=8ab4, b=e5d0, softfloat=3e9bd900 (标志=00000000), 实际值=3e9bd900
随机测试 43: 通过 - a=502c, b=458c, softfloat=43392080 (标志=00000000), 实际值=43392080
随机测试 44: 通过 - a=b707, b=406a, softfloat=bf782730 (标志=00000000), 实际值=bf782730
随机测试 45: 通过 - a=f911, b=ffe8, softfloat=fffd0000 (标志=00000000), 实际值=7fc00000
随机测试 46: 通过 - a=9e4b, b=8173, softfloat=3411eb10 (标志=00000000), 实际值=3411eb10
随机测试 47: 通过 - a=5bec, b=0523, softfloat=3ca2c510 (标志=00000000), 实际值=3ca2c510
随机测试 48: 通过 - a=efa4, b=65c9, softfloat=cb30cf10 (标志=00000000), 实际值=cb30cf10
随机测试 49: 通过 - a=0439, b=72df, softfloat=3f681d38 (标志=00000000), 实际值=3f681d38
随机测试 50: 通过 - a=14d4, b=6567, softfloat=3fd0aa60 (标志=00000000), 实际值=3fd0aa60
随机测试 51: 通过 - a=419d, b=25b0, softfloat=3d7f6780 (标志=00000000), 实际值=3d7f6780
随机测试 52: 通过 - a=3982, b=bf49, softfloat=bfa08048 (标志=00000000), 实际值=bfa08048
随机测试 53: 通过 - a=1ad9, b=b720, softfloat=bac32880 (标志=00000000), 实际值=bac32880
随机测试 54: 通过 - a=4c1c, b=6f93, softfloat=47f900a0 (标志=00000000), 实际值=47f900a0
随机测试 55: 通过 - a=61e3, b=822a, softfloat=bccbd3e0 (标志=00000000), 实际值=bccbd3e0
随机测试 56: 通过 - a=f8c8, b=2e5d, softfloat=c5736540 (标志=00000000), 实际值=c5736540
随机测试 57: 通过 - a=9d3a, b=a984, softfloat=39669f40 (标志=00000000), 实际值=39669f40
随机测试 58: 通过 - a=a82b, b=7f39, softfloat=7fe72000 (标志=00000000), 实际值=ffc00000
随机测试 59: 通过 - a=1c12, b=0052, softfloat=32a6e200 (标志=00000000), 实际值=32a6e200
随机测试 60: 通过 - a=8959, b=96d0, softfloat=3491b940 (标志=00000000), 实际值=3491b940
随机测试 61: 通过 - a=ea6e, b=2997, softfloat=c30fc388 (标志=00000000), 实际值=c30fc388
随机测试 62: 通过 - a=87db, b=77a6, softfloat=c0705408 (标志=00000000), 实际值=c0705408
随机测试 63: 通过 - a=d3bb, b=7c00, softfloat=ff800000 (标志=00000000), 实际值=ff800000
随机测试 64: 通过 - a=4c0f, b=d669, softfloat=c4d02138 (标志=00000000), 实际值=c4d02138
随机测试 65: 通过 - a=620c, b=1959, softfloat=400158b0 (标志=00000000), 实际值=400158b0
随机测试 66: 通过 - a=49c5, b=35cf, softfloat=40860d2c (标志=00000000), 实际值=40860d2c
随机测试 67: 通过 - a=e590, b=d851, softfloat=48401480 (标志=00000000), 实际值=48401480
随机测试 68: 通过 - a=a469, b=cd77, softfloat=3ec0ce78 (标志=00000000), 实际值=3ec0ce78
随机测试 69: 通过 - a=654a, b=58d8, softfloat=484cf380 (标志=00000000), 实际值=484cf380
随机测试 70: 通过 - a=4d9b, b=9ac4, softfloat=bd97b2b0 (标志=00000000), 实际值=bd97b2b0
随机测试 71: 通过 - a=b1b8, b=f2b7, softfloat=45199a20 (标志=00000000), 实际值=45199a20
随机测试 72: 通过 - a=ee86, b=5a30, softfloat=c9a17480 (标志=00000000), 实际值=c9a17480
随机测试 73: 通过 - a=5377, b=c7b5, softfloat=c3e6208c (标志=00000000), 实际值=c3e6208c
随机测试 74: 通过 - a=f5d4, b=8707, softfloat=4023d330 (标志=00000000), 实际值=4023d330
随机测试 75: 通过 - a=9776, b=ade9, softfloat=39306198 (标志=00000000), 实际值=39306198
随机测试 76: 通过 - a=8b8b, b=5f01, softfloat=bdd3522c (标志=00000000), 实际值=bdd3522c
随机测试 77: 通过 - a=8bdb, b=4280, softfloat=ba4c3e00 (标志=00000000), 实际值=ba4c3e00
随机测试 78: 通过 - a=9fc2, b=dac5, softfloat=3fd21128 (标志=00000000), 实际值=3fd21128
随机测试 79: 通过 - a=fa30, b=e4af, softfloat=4c67d680 (标志=00000000), 实际值=4c67d680
随机测试 80: 通过 - a=da66, b=b9af, softfloat=431176e8 (标志=00000000), 实际值=431176e8
随机测试 81: 通过 - a=6ee9, b=aff8, softfloat=c45c42e0 (标志=00000000), 实际值=c45c42e0
随机测试 82: 通过 - a=ac06, b=76ef, softfloat=c4df2cd0 (标志=00000000), 实际值=c4df2cd0
随机测试 83: 通过 - a=37e1, b=7c95, softfloat=7fd2a000 (标志=00000010), 实际值=7fc00000
随机测试 84: 通过 - a=3eee, b=4d60, softfloat=4214fd00 (标志=00000000), 实际值=4214fd00
随机测试 85: 通过 - a=5ee5, b=ea28, softfloat=c9a9c720 (标志=00000000), 实际值=c9a9c720
随机测试 86: 通过 - a=7d64, b=3729, softfloat=7fec8000 (标志=00000010), 实际值=7fc00000
随机测试 87: 通过 - a=aee1, b=5277, softfloat=c0b1e25c (标志=00000000), 实际值=c0b1e25c
随机测试 88: 通过 - a=156e, b=f581, softfloat=c1ef1370 (标志=00000000), 实际值=c1ef1370
随机测试 89: 通过 - a=b9d5, b=d568, softfloat=427c3c40 (标志=00000000), 实际值=427c3c40
随机测试 90: 通过 - a=71f0, b=00aa, softfloat=3dfc5800 (标志=00000000), 实际值=3dfc5800
随机测试 91: 通过 - a=c30f, b=48f1, softfloat=c20b847c (标志=00000000), 实际值=c20b847c
随机测试 92: 通过 - a=bc7d, b=958e, softfloat=3ac772b0 (标志=00000000), 实际值=3ac772b0
随机测试 93: 通过 - a=dce2, b=4d3c, softfloat=c5cc77c0 (标志=00000000), 实际值=c5cc77c0
随机测试 94: 通过 - a=e6a9, b=b1ef, softfloat=439e131c (标志=00000000), 实际值=439e131c
随机测试 95: 通过 - a=d05b, b=3caf, softfloat=c22331a8 (标志=00000000), 实际值=c22331a8
随机测试 96: 通过 - a=9b4a, b=0db9, softfloat=b5a6d9e8 (标志=00000000), 实际值=b5a6d9e8
随机测试 97: 通过 - a=2d13, b=3513, softfloat=3ccdfb48 (标志=00000000), 实际值=3ccdfb48
随机测试 98: 通过 - a=4165, b=2751, softfloat=3d9ddfd4 (标志=00000000), 实际值=3d9ddfd4
随机测试 99: 通过 - a=3ab7, b=1099, softfloat=39f6faf8 (标志=00000000), 实际值=39f6faf8
随机测试 100: 通过 - a=083a, b=3a71, softfloat=38d9ccd0 (标志=00000000), 实际值=38d9ccd0
随机测试 101: 通过 - a=0762, b=6ae4, softfloat=3ecb7d20 (标志=00000000), 实际值=3ecb7d20
随机测试 102: 通过 - a=dd2a, b=447d, softfloat=c4b96c10 (标志=00000000), 实际值=c4b96c10
随机测试 103: 通过 - a=5f59, b=a3e5, softfloat=c0e80674 (标志=00000000), 实际值=c0e80674
随机测试 104: 通过 - a=6bed, b=00c9, softfloat=3d4722a0 (标志=00000000), 实际值=3d4722a0
随机测试 105: 通过 - a=cc41, b=d1af, softfloat=44416b78 (标志=00000000), 实际值=44416b78
随机测试 106: 通过 - a=1cdb, b=e8cd, softfloat=c13a7af8 (标志=00000000), 实际值=c13a7af8
随机测试 107: 通过 - a=9f70, b=d406, softfloat=3eef6500 (标志=00000000), 实际值=3eef6500
随机测试 108: 通过 - a=20a2, b=3dbd, softfloat=3c54acd0 (标志=00000000), 实际值=3c54acd0
随机测试 109: 通过 - a=de6a, b=47dc, softfloat=c549a460 (标志=00000000), 实际值=c549a460
随机测试 110: 通过 - a=5e50, b=f47b, softfloat=cae24380 (标志=00000000), 实际值=cae24380
随机测试 111: 通过 - a=5825, b=8478, softfloat=bc142ac0 (标志=00000000), 实际值=bc142ac0
随机测试 112: 通过 - a=89f6, b=ce5c, softfloat=3b97a1a0 (标志=00000000), 实际值=3b97a1a0
随机测试 113: 通过 - a=9b23, b=ab79, softfloat=3955522c (标志=00000000), 实际值=3955522c
随机测试 114: 通过 - a=05c8, b=46bb, softfloat=3a1ba460 (标志=00000000), 实际值=3a1ba460
随机测试 115: 通过 - a=ee0e, b=9473, softfloat=40d78250 (标志=00000000), 实际值=40d78250
随机测试 116: 通过 - a=030c, b=98ce, softfloat=b3ea3a80 (标志=00000000), 实际值=b3ea3a80
随机测试 117: 通过 - a=61d4, b=dc59, softfloat=c84ab5a0 (标志=00000000), 实际值=c84ab5a0
随机测试 118: 通过 - a=6fb9, b=c0b3, softfloat=c691296c (标志=00000000), 实际值=c691296c
随机测试 119: 通过 - a=bff4, b=e275, softfloat=44cd6a10 (标志=00000000), 实际值=44cd6a10
随机测试 120: 通过 - a=f10c, b=7a39, softfloat=cdfb3d60 (标志=00000000), 实际值=cdfb3d60
随机测试 121: 通过 - a=9302, b=be15, softfloat=3aaa7ca8 (标志=00000000), 实际值=3aaa7ca8
随机测试 122: 通过 - a=f905, b=434e, softfloat=c812aa18 (标志=00000000), 实际值=c812aa18
随机测试 123: 通过 - a=2902, b=51b8, softfloat=3fe51b80 (标志=00000000), 实际值=3fe51b80
随机测试 124: 通过 - a=b208, b=538d, softfloat=c13629a0 (标志=00000000), 实际值=c13629a0
随机测试 125: 通过 - a=8eaf, b=31e8, softfloat=b89de660 (标志=00000000), 实际值=b89de660
随机测试 126: 通过 - a=0990, b=abf5, softfloat=b7310b40 (标志=00000000), 实际值=b7310b40
随机测试 127: 通过 - a=904c, b=bd7b, softfloat=3a3c6420 (标志=00000000), 实际值=3a3c6420
随机测试 128: 通过 - a=a640, b=0325, softfloat=b59d3a00 (标志=00000000), 实际值=b59d3a00
随机测试 129: 通过 - a=b60d, b=1070, softfloat=b956cd80 (标志=00000000), 实际值=b956cd80
随机测试 130: 通过 - a=f92d, b=d829, softfloat=4aac41a8 (标志=00000000), 实际值=4aac41a8
随机测试 131: 通过 - a=51bc, b=0830, softfloat=3bc01a00 (标志=00000000), 实际值=3bc01a00
随机测试 132: 通过 - a=2dc0, b=6950, softfloat=43746000 (标志=00000000), 实际值=43746000
随机测试 133: 通过 - a=6aa1, b=3f4d, softfloat=45c195b4 (标志=00000000), 实际值=45c195b4
随机测试 134: 通过 - a=2ef5, b=aff5, softfloat=bc5d6de4 (标志=00000000), 实际值=bc5d6de4
随机测试 135: 通过 - a=cc5d, b=1294, softfloat=bc659e20 (标志=00000000), 实际值=bc659e20
随机测试 136: 通过 - a=a66a, b=65bc, softfloat=c2131f60 (标志=00000000), 实际值=c2131f60
随机测试 137: 通过 - a=08b8, b=9c9e, softfloat=b52e4c80 (标志=00000000), 实际值=b52e4c80
随机测试 138: 通过 - a=06fa, b=0b46, softfloat=32caf970 (标志=00000000), 实际值=32caf970
随机测试 139: 通过 - a=6407, b=bc93, softfloat=c4936028 (标志=00000000), 实际值=c4936028
随机测试 140: 通过 - a=7455, b=dbb7, softfloat=ca85af0c (标志=00000000), 实际值=ca85af0c
随机测试 141: 通过 - a=f145, b=0a63, softfloat=c0069ebc (标志=00000000), 实际值=c0069ebc
随机测试 142: 通过 - a=e059, b=ce26, softfloat=4655d9b0 (标志=00000000), 实际值=4655d9b0
随机测试 143: 通过 - a=7668, b=e41e, softfloat=cbd30180 (标志=00000000), 实际值=cbd30180
随机测试 144: 通过 - a=f490, b=a55a, softfloat=43c35500 (标志=00000000), 实际值=43c35500
随机测试 145: 通过 - a=851c, b=67b9, softfloat=be1dd4f0 (标志=00000000), 实际值=be1dd4f0
随机测试 146: 通过 - a=1fab, b=d9d0, softfloat=bfb247c0 (标志=00000000), 实际值=bfb247c0
随机测试 147: 通过 - a=656f, b=6dd8, softfloat=4afe0540 (标志=00000000), 实际值=4afe0540
随机测试 148: 通过 - a=8845, b=a78d, softfloat=3680f404 (标志=00000000), 实际值=3680f404
随机测试 149: 通过 - a=238b, b=91fc, softfloat=b7348f50 (标志=00000000), 实际值=b7348f50
随机测试 150: 通过 - a=1fdc, b=0aa4, softfloat=35d0c3c0 (标志=00000000), 实际值=35d0c3c0
随机测试 151: 通过 - a=8d19, b=33a5, softfloat=b89be074 (标志=00000000), 实际值=b89be074
随机测试 152: 通过 - a=8e3e, b=c0f3, softfloat=3a7726d0 (标志=00000000), 实际值=3a7726d0
随机测试 153: 通过 - a=2c58, b=6bc4, softfloat=4386ed80 (标志=00000000), 实际值=4386ed80
随机测试 154: 通过 - a=435c, b=4506, softfloat=4193e0a0 (标志=00000000), 实际值=4193e0a0
随机测试 155: 通过 - a=509a, b=1918, softfloat=3dbb8380 (标志=00000000), 实际值=3dbb8380
随机测试 156: 通过 - a=66c5, b=d1aa, softfloat=c7995f48 (标志=00000000), 实际值=c7995f48
随机测试 157: 通过 - a=031a, b=d5c3, softfloat=bb8ef670 (标志=00000000), 实际值=bb8ef670
随机测试 158: 通过 - a=e9b2, b=630c, softfloat=ca208960 (标志=00000000), 实际值=ca208960
随机测试 159: 通过 - a=0ee9, b=fdc3, softfloat=fff86000 (标志=00000010), 实际值=ffc00000
随机测试 160: 通过 - a=73eb, b=b9f8, softfloat=c63d0aa0 (标志=00000000), 实际值=c63d0aa0
随机测试 161: 通过 - a=03f2, b=ad89, softfloat=b6aeb410 (标志=00000000), 实际值=b6aeb410
随机测试 162: 通过 - a=736f, b=4b1b, softfloat=485346d4 (标志=00000000), 实际值=485346d4
随机测试 163: 通过 - a=28ad, b=c168, softfloat=bdca3a40 (标志=00000000), 实际值=bdca3a40
随机测试 164: 通过 - a=1225, b=57cf, softfloat=3dbfebac (标志=00000000), 实际值=3dbfebac
随机测试 165: 通过 - a=8dab, b=d21b, softfloat=3c8a6c24 (标志=00000000), 实际值=3c8a6c24
随机测试 166: 通过 - a=3e80, b=d95d, softfloat=c38b7200 (标志=00000000), 实际值=c38b7200
随机测试 167: 通过 - a=fd82, b=4204, softfloat=fff04000 (标志=00000010), 实际值=ffc00000
随机测试 168: 通过 - a=a557, b=8b36, softfloat=369a0568 (标志=00000000), 实际值=369a0568
随机测试 169: 通过 - a=0332, b=2879, softfloat=35e4aa20 (标志=00000000), 实际值=35e4aa20
随机测试 170: 通过 - a=aee4, b=ec16, softfloat=43e13cc0 (标志=00000000), 实际值=43e13cc0
随机测试 171: 通过 - a=ecaa, b=65c0, softfloat=cad68c00 (标志=00000000), 实际值=cad68c00
随机测试 172: 通过 - a=882e, b=378c, softfloat=b87c5940 (标志=00000000), 实际值=b87c5940
随机测试 173: 通过 - a=c271, b=8ffb, softfloat=3acd9f2c (标志=00000000), 实际值=3acd9f2c
随机测试 174: 通过 - a=21bc, b=68dc, softfloat=41deec80 (标志=00000000), 实际值=41deec80
随机测试 175: 通过 - a=5717, b=04c1, softfloat=3c06d15c (标志=00000000), 实际值=3c06d15c
随机测试 176: 通过 - a=21eb, b=3bb5, softfloat=3c36709c (标志=00000000), 实际值=3c36709c
随机测试 177: 通过 - a=2e89, b=e28f, softfloat=c2ab721c (标志=00000000), 实际值=c2ab721c
随机测试 178: 通过 - a=f6bf, b=2ab0, softfloat=c4b47540 (标志=00000000), 实际值=c4b47540
随机测试 179: 通过 - a=9ad3, b=02d6, softfloat=b41ad310 (标志=00000000), 实际值=b41ad310
随机测试 180: 通过 - a=cc82, b=751a, softfloat=c8b7f9a0 (标志=00000000), 实际值=c8b7f9a0
随机测试 181: 通过 - a=a771, b=04d7, softfloat=b6100f9c (标志=00000000), 实际值=b6100f9c
随机测试 182: 通过 - a=8e0e, b=14f1, softfloat=b4ef5970 (标志=00000000), 实际值=b4ef5970
随机测试 183: 通过 - a=1dcd, b=4305, softfloat=3ca2e004 (标志=00000000), 实际值=3ca2e004
随机测试 184: 通过 - a=eb1c, b=c798, softfloat=46d7f280 (标志=00000000), 实际值=46d7f280
随机测试 185: 通过 - a=88ec, b=d62a, softfloat=3c72b5c0 (标志=00000000), 实际值=3c72b5c0
随机测试 186: 通过 - a=4a65, b=0537, softfloat=3a8562cc (标志=00000000), 实际值=3a8562cc
随机测试 187: 通过 - a=3603, b=9efe, softfloat=bb2823e8 (标志=00000000), 实际值=bb2823e8
随机测试 188: 通过 - a=dcfd, b=0e3e, softfloat=bdf91a30 (标志=00000000), 实际值=bdf91a30
随机测试 189: 通过 - a=34e8, b=3874, softfloat=3e2ec900 (标志=00000000), 实际值=3e2ec900
随机测试 190: 通过 - a=89b0, b=dc06, softfloat=3d371100 (标志=00000000), 实际值=3d371100
随机测试 191: 通过 - a=4d12, b=fc68, softfloat=ffcd0000 (标志=00000010), 实际值=ffc00000
随机测试 192: 通过 - a=00c5, b=2efe, softfloat=35ac2ec0 (标志=00000000), 实际值=35ac2ec0
随机测试 193: 通过 - a=0d36, b=09f3, softfloat=33780210 (标志=00000000), 实际值=33780210
随机测试 194: 通过 - a=abfb, b=7c6b, softfloat=7fcd6000 (标志=00000010), 实际值=ffc00000
随机测试 195: 通过 - a=bf17, b=360f, softfloat=bf2bd164 (标志=00000000), 实际值=bf2bd164
随机测试 196: 通过 - a=b614, b=052a, softfloat=b7fb1a40 (标志=00000000), 实际值=b7fb1a40
随机测试 197: 通过 - a=6ea6, b=26d4, softfloat=433595e0 (标志=00000000), 实际值=433595e0
随机测试 198: 通过 - a=10cb, b=c26b, softfloat=baf616c8 (标志=00000000), 实际值=baf616c8
随机测试 199: 通过 - a=eb04, b=32f4, softfloat=c4431f40 (标志=00000000), 实际值=c4431f40
随机测试 200: 通过 - a=618d, b=70e1, softfloat=4ad8a768 (标志=00000000), 实际值=4ad8a768
随机测试 201: 通过 - a=bd85, b=74b9, softfloat=c6d088e8 (标志=00000000), 实际值=c6d088e8
随机测试 202: 通过 - a=16c9, b=8e60, softfloat=b52d0580 (标志=00000000), 实际值=b52d0580
随机测试 203: 通过 - a=3246, b=cb3c, softfloat=c03589a0 (标志=00000000), 实际值=c03589a0
随机测试 204: 通过 - a=5f37, b=5558, softfloat=471a37a0 (标志=00000000), 实际值=471a37a0
随机测试 205: 通过 - a=5773, b=d20e, softfloat=c5b46928 (标志=00000000), 实际值=c5b46928
随机测试 206: 通过 - a=23dc, b=c330, softfloat=bd61f500 (标志=00000000), 实际值=bd61f500
随机测试 207: 通过 - a=f5d0, b=e500, softfloat=4be88000 (标志=00000000), 实际值=4be88000
随机测试 208: 通过 - a=0f43, b=91f8, softfloat=b4ad5fa0 (标志=00000000), 实际值=b4ad5fa0
随机测试 209: 通过 - a=9aa1, b=1f53, softfloat=b7c234cc (标志=00000000), 实际值=b7c234cc
随机测试 210: 通过 - a=8f98, b=3d5f, softfloat=ba2325a0 (标志=00000000), 实际值=ba2325a0
随机测试 211: 通过 - a=9287, b=5afa, softfloat=be362758 (标志=00000000), 实际值=be362758
随机测试 212: 通过 - a=d12d, b=0270, softfloat=bac9db00 (标志=00000000), 实际值=bac9db00
随机测试 213: 通过 - a=e86b, b=3831, softfloat=c49423d8 (标志=00000000), 实际值=c49423d8
随机测试 214: 通过 - a=c012, b=df0c, softfloat=446576c0 (标志=00000000), 实际值=446576c0
随机测试 215: 通过 - a=6b0d, b=1315, softfloat=4047bc44 (标志=00000000), 实际值=4047bc44
随机测试 216: 通过 - a=0740, b=8d94, softfloat=b321c400 (标志=00000000), 实际值=b321c400
随机测试 217: 通过 - a=a354, b=0280, softfloat=b5129000 (标志=00000000), 实际值=b5129000
随机测试 218: 通过 - a=1513, b=86c3, softfloat=b4093de4 (标志=00000000), 实际值=b4093de4
随机测试 219: 通过 - a=deed, b=e6dc, softfloat=493e06b0 (标志=00000000), 实际值=493e06b0
随机测试 220: 通过 - a=1078, b=0d27, softfloat=34383240 (标志=00000000), 实际值=34383240
随机测试 221: 通过 - a=265f, b=5b23, softfloat=40b5dff4 (标志=00000000), 实际值=40b5dff4
随机测试 222: 通过 - a=ebab, b=1738, softfloat=c0dd69a0 (标志=00000000), 实际值=c0dd69a0
随机测试 223: 通过 - a=4d22, b=bdc9, softfloat=c1ed8d90 (标志=00000000), 实际值=c1ed8d90
随机测试 224: 通过 - a=4cc7, b=6282, softfloat=4678b870 (标志=00000000), 实际值=4678b870
随机测试 225: 通过 - a=d7ce, b=22c7, softfloat=bfd39488 (标志=00000000), 实际值=bfd39488
随机测试 226: 通过 - a=a424, b=6fdb, softfloat=c3021b30 (标志=00000000), 实际值=c3021b30
随机测试 227: 通过 - a=1408, b=6f75, softfloat=40f07d40 (标志=00000000), 实际值=40f07d40
随机测试 228: 通过 - a=1db5, b=721a, softfloat=428b4988 (标志=00000000), 实际值=428b4988
随机测试 229: 通过 - a=1338, b=3a82, softfloat=3a3be9c0 (标志=00000000), 实际值=3a3be9c0
随机测试 230: 通过 - a=a058, b=6a50, softfloat=c1db5c00 (标志=00000000), 实际值=c1db5c00
随机测试 231: 通过 - a=9aa3, b=e3a4, softfloat=404ad5b0 (标志=00000000), 实际值=404ad5b0
随机测试 232: 通过 - a=df65, b=17ea, softfloat=bf6a1548 (标志=00000000), 实际值=bf6a1548
随机测试 233: 通过 - a=3906, b=8054, softfloat=b652fc00 (标志=00000000), 实际值=b652fc00
随机测试 234: 通过 - a=405b, b=f0c8, softfloat=c6a698c0 (标志=00000000), 实际值=c6a698c0
随机测试 235: 通过 - a=3948, b=f237, softfloat=c60349e0 (标志=00000000), 实际值=c60349e0
随机测试 236: 通过 - a=f3f8, b=32b5, softfloat=c555c960 (标志=00000000), 实际值=c555c960
随机测试 237: 通过 - a=a951, b=d583, softfloat=406a6b98 (标志=00000000), 实际值=406a6b98
随机测试 238: 通过 - a=e39b, b=dd35, softfloat=489e685c (标志=00000000), 实际值=489e685c
随机测试 239: 通过 - a=53b0, b=82fb, softfloat=bb374c80 (标志=00000000), 实际值=bb374c80
随机测试 240: 通过 - a=bb4f, b=a630, softfloat=3cb4e340 (标志=00000000), 实际值=3cb4e340
随机测试 241: 通过 - a=c418, b=18dd, softfloat=bc1f45c0 (标志=00000000), 实际值=bc1f45c0
随机测试 242: 通过 - a=e846, b=0f61, softfloat=bf7c4430 (标志=00000000), 实际值=bf7c4430
随机测试 243: 通过 - a=4859, b=7355, softfloat=47ff0468 (标志=00000000), 实际值=47ff0468
随机测试 244: 通过 - a=972f, b=500b, softfloat=bd685828 (标志=00000000), 实际值=bd685828
随机测试 245: 通过 - a=eade, b=2cd3, softfloat=c38483e8 (标志=00000000), 实际值=c38483e8
随机测试 246: 通过 - a=b128, b=69e9, softfloat=c3f3cb40 (标志=00000000), 实际值=c3f3cb40
随机测试 247: 通过 - a=7958, b=a1d5, softfloat=c3f951c0 (标志=00000000), 实际值=c3f951c0
随机测试 248: 通过 - a=e5c3, b=13d4, softfloat=bfb469f0 (标志=00000000), 实际值=bfb469f0
随机测试 249: 通过 - a=7da4, b=ef7e, softfloat=7ff48000 (标志=00000010), 实际值=ffc00000
随机测试 250: 通过 - a=9dd6, b=c80f, softfloat=3d3d7c50 (标志=00000000), 实际值=3d3d7c50
随机测试 251: 通过 - a=4483, b=efa0, softfloat=c7099b80 (标志=00000000), 实际值=c7099b80
随机测试 252: 通过 - a=0482, b=cbbf, softfloat=ba8babf8 (标志=00000000), 实际值=ba8babf8
随机测试 253: 通过 - a=db45, b=3e77, softfloat=c3bbfc4c (标志=00000000), 实际值=c3bbfc4c
随机测试 254: 通过 - a=0b45, b=1075, softfloat=34019a24 (标志=00000000), 实际值=34019a24
随机测试 255: 通过 - a=0af8, b=3bc6, softfloat=3958af40 (标志=00000000), 实际值=3958af40
随机测试 256: 通过 - a=596c, b=5850, softfloat=46bb0e00 (标志=00000000), 实际值=46bb0e00
随机测试 257: 通过 - a=6331, b=fe9c, softfloat=ffd38000 (标志=00000000), 实际值=ffc00000
随机测试 258: 通过 - a=5cbc, b=1eaf, softfloat=3ffd2420 (标志=00000000), 实际值=3ffd2420
随机测试 259: 通过 - a=2c0e, b=6669, softfloat=42cfedf0 (标志=00000000), 实际值=42cfedf0
随机测试 260: 通过 - a=40b2, b=9ede, softfloat=bc80f970 (标志=00000000), 实际值=bc80f970
随机测试 261: 通过 - a=7485, b=0faa, softfloat=410a8d48 (标志=00000000), 实际值=410a8d48
随机测试 262: 通过 - a=f128, b=d5c2, softfloat=496d8280 (标志=00000000), 实际值=496d8280
随机测试 263: 通过 - a=099a, b=51d3, softfloat=3c027fb8 (标志=00000000), 实际值=3c027fb8
随机测试 264: 通过 - a=1aba, b=7cfb, softfloat=7fdf6000 (标志=00000010), 实际值=7fc00000
随机测试 265: 通过 - a=728b, b=4dc2, softfloat=4896b158 (标志=00000000), 实际值=4896b158
随机测试 266: 通过 - a=28cc, b=1371, softfloat=380ec830 (标志=00000000), 实际值=380ec830
随机测试 267: 通过 - a=019e, b=db61, softfloat=bbbeede0 (标志=00000000), 实际值=bbbeede0
随机测试 268: 通过 - a=487b, b=d0bf, softfloat=c3aa1e28 (标志=00000000), 实际值=c3aa1e28
随机测试 269: 通过 - a=bc91, b=98c0, softfloat=3b2d8600 (标志=00000000), 实际值=3b2d8600
随机测试 270: 通过 - a=6359, b=b47e, softfloat=c3840738 (标志=00000000), 实际值=c3840738
随机测试 271: 通过 - a=7354, b=e251, softfloat=cb392650 (标志=00000000), 实际值=cb392650
随机测试 272: 通过 - a=2849, b=7de7, softfloat=7ffce000 (标志=00000010), 实际值=7fc00000
随机测试 273: 通过 - a=af24, b=d583, softfloat=411d6db0 (标志=00000000), 实际值=411d6db0
随机测试 274: 通过 - a=005b, b=a1b9, softfloat=b38230c0 (标志=00000000), 实际值=b38230c0
随机测试 275: 通过 - a=bf95, b=4a77, softfloat=c1c4110c (标志=00000000), 实际值=c1c4110c
随机测试 276: 通过 - a=1af1, b=5fe6, softfloat=3fdb4e18 (标志=00000000), 实际值=3fdb4e18
随机测试 277: 通过 - a=aeaf, b=e104, softfloat=428616f0 (标志=00000000), 实际值=428616f0
随机测试 278: 通过 - a=6012, b=b3fc, softfloat=c301fee0 (标志=00000000), 实际值=c301fee0
随机测试 279: 通过 - a=48ab, b=f0c4, softfloat=c7b1f760 (标志=00000000), 实际值=c7b1f760
随机测试 280: 通过 - a=813f, b=56c2, softfloat=bb06bbe0 (标志=00000000), 实际值=bb06bbe0
随机测试 281: 通过 - a=1973, b=9b5a, softfloat=b7203db8 (标志=00000000), 实际值=b7203db8
随机测试 282: 通过 - a=e4a0, b=cafe, softfloat=46815b00 (标志=00000000), 实际值=46815b00
随机测试 283: 通过 - a=6b74, b=b7bb, softfloat=c4e676f0 (标志=00000000), 实际值=c4e676f0
随机测试 284: 通过 - a=bbe2, b=48e2, softfloat=c119f610 (标志=00000000), 实际值=c119f610
随机测试 285: 通过 - a=4cdf, b=e298, softfloat=c68079a0 (标志=00000000), 实际值=c68079a0
随机测试 286: 通过 - a=ed9f, b=cb10, softfloat=479ecbc0 (标志=00000000), 实际值=479ecbc0
随机测试 287: 通过 - a=89f2, b=7bbd, softfloat=c13806a8 (标志=00000000), 实际值=c13806a8
随机测试 288: 通过 - a=27ab, b=0fb4, softfloat=376c44f0 (标志=00000000), 实际值=376c44f0
随机测试 289: 通过 - a=ac54, b=9b89, softfloat=398273d0 (标志=00000000), 实际值=398273d0
随机测试 290: 通过 - a=d413, b=91ac, softfloat=3d38de20 (标志=00000000), 实际值=3d38de20
随机测试 291: 通过 - a=0335, b=1f3b, softfloat=34b981b8 (标志=00000000), 实际值=34b981b8
随机测试 292: 通过 - a=2435, b=8d2f, softfloat=b6ae75d8 (标志=00000000), 实际值=b6ae75d8
随机测试 293: 通过 - a=9934, b=a255, softfloat=3803c910 (标志=00000000), 实际值=3803c910
随机测试 294: 通过 - a=02bc, b=fef2, softfloat=ffde4000 (标志=00000000), 实际值=ffc00000
随机测试 295: 通过 - a=36a7, b=80c1, softfloat=b6a07ce0 (标志=00000000), 实际值=b6a07ce0
随机测试 296: 通过 - a=16e4, b=a241, softfloat=b7ac5f90 (标志=00000000), 实际值=b7ac5f90
随机测试 297: 通过 - a=6c69, b=d8fa, softfloat=c92f9450 (标志=00000000), 实际值=c92f9450
随机测试 298: 通过 - a=d0cd, b=f3ff, softfloat=49198ccc (标志=00000000), 实际值=49198ccc
随机测试 299: 通过 - a=86b5, b=82e8, softfloat=319bf040 (标志=00000000), 实际值=319bf040
随机测试 300: 通过 - a=5c4b, b=2e12, softfloat=41d07a30 (标志=00000000), 实际值=41d07a30
随机测试 301: 通过 - a=8f37, b=1dae, softfloat=b623e988 (标志=00000000), 实际值=b623e988
随机测试 302: 通过 - a=a4f8, b=4e20, softfloat=bef37800 (标志=00000000), 实际值=bef37800
随机测试 303: 通过 - a=50da, b=0222, softfloat=3aa58f40 (标志=00000000), 实际值=3aa58f40
随机测试 304: 通过 - a=55ec, b=122a, softfloat=3d9202e0 (标志=00000000), 实际值=3d9202e0
随机测试 305: 通过 - a=5b7a, b=511e, softfloat=46190930 (标志=00000000), 实际值=46190930
随机测试 306: 通过 - a=dae9, b=f2eb, softfloat=4a3f378c (标志=00000000), 实际值=4a3f378c
随机测试 307: 通过 - a=f70b, b=e26e, softfloat=4bb522e8 (标志=00000000), 实际值=4bb522e8
随机测试 308: 通过 - a=5e5e, b=2d7c, softfloat=420bae20 (标志=00000000), 实际值=420bae20
随机测试 309: 通过 - a=3145, b=548b, softfloat=413f83b8 (标志=00000000), 实际值=413f83b8
随机测试 310: 通过 - a=d312, b=bd37, softfloat=42937b78 (标志=00000000), 实际值=42937b78
随机测试 311: 通过 - a=d683, b=00e1, softfloat=bab72460 (标志=00000000), 实际值=bab72460
随机测试 312: 通过 - a=dfce, b=5c4a, softfloat=c805e630 (标志=00000000), 实际值=c805e630
随机测试 313: 通过 - a=73d5, b=07cd, softfloat=3ff46244 (标志=00000000), 实际值=3ff46244
随机测试 314: 通过 - a=eee4, b=8cf4, softfloat=40088540 (标志=00000000), 实际值=40088540
随机测试 315: 通过 - a=53ec, b=3f1a, softfloat=42e107e0 (标志=00000000), 实际值=42e107e0
随机测试 316: 通过 - a=2ee3, b=84ec, softfloat=b7079510 (标志=00000000), 实际值=b7079510
随机测试 317: 通过 - a=81f3, b=472d, softfloat=b95fcb70 (标志=00000000), 实际值=b95fcb70
随机测试 318: 通过 - a=8d5c, b=45dd, softfloat=bafb6360 (标志=00000000), 实际值=bafb6360
随机测试 319: 通过 - a=c8ec, b=7a8f, softfloat=c9011f50 (标志=00000000), 实际值=c9011f50
随机测试 320: 通过 - a=b3ff, b=8578, softfloat=37aeea20 (标志=00000000), 实际值=37aeea20
随机测试 321: 通过 - a=b9ab, b=f727, softfloat=46a22834 (标志=00000000), 实际值=46a22834
随机测试 322: 通过 - a=0ffb, b=c313, softfloat=bae1d284 (标志=00000000), 实际值=bae1d284
随机测试 323: 通过 - a=9b0c, b=97bb, softfloat=36d9e710 (标志=00000000), 实际值=36d9e710
随机测试 324: 通过 - a=cae6, b=3a49, softfloat=c12d6e58 (标志=00000000), 实际值=c12d6e58
随机测试 325: 通过 - a=7b6a, b=f60a, softfloat=ceb31890 (标志=00000000), 实际值=ceb31890
随机测试 326: 通过 - a=d218, b=e996, softfloat=48082840 (标志=00000000), 实际值=48082840
随机测试 327: 通过 - a=2609, b=712e, softfloat=437a14f0 (标志=00000000), 实际值=437a14f0
随机测试 328: 通过 - a=d4bd, b=8966, softfloat=3c4ca270 (标志=00000000), 实际值=3c4ca270
随机测试 329: 通过 - a=2876, b=2575, softfloat=3a42bf70 (标志=00000000), 实际值=3a42bf70
随机测试 330: 通过 - a=3a8f, b=9595, softfloat=ba9270ec (标志=00000000), 实际值=ba9270ec
随机测试 331: 通过 - a=cd7b, b=ea7c, softfloat=478e2650 (标志=00000000), 实际值=478e2650
随机测试 332: 通过 - a=306f, b=4cc9, softfloat=4029b938 (标志=00000000), 实际值=4029b938
随机测试 333: 通过 - a=20c9, b=61b4, softfloat=40da52a0 (标志=00000000), 实际值=40da52a0
随机测试 334: 通过 - a=a5da, b=a8ad, softfloat=3a5ae290 (标志=00000000), 实际值=3a5ae290
随机测试 335: 通过 - a=f1df, b=e30d, softfloat=4b25954c (标志=00000000), 实际值=4b25954c
随机测试 336: 通过 - a=4170, b=6783, softfloat=45a36140 (标志=00000000), 实际值=45a36140
随机测试 337: 通过 - a=c451, b=8d04, softfloat=3aad3220 (标志=00000000), 实际值=3aad3220
随机测试 338: 通过 - a=7280, b=04f9, softfloat=3f814a00 (标志=00000000), 实际值=3f814a00
随机测试 339: 通过 - a=ed06, b=3aca, softfloat=c5886af0 (标志=00000000), 实际值=c5886af0
随机测试 340: 通过 - a=64df, b=bbc9, softfloat=c497b05c (标志=00000000), 实际值=c497b05c
随机测试 341: 通过 - a=7584, b=88b0, softfloat=c04ed600 (标志=00000000), 实际值=c04ed600
随机测试 342: 通过 - a=03e9, b=8510, softfloat=b19e5c80 (标志=00000000), 实际值=b19e5c80
随机测试 343: 通过 - a=25de, b=d0ac, softfloat=bf5b4940 (标志=00000000), 实际值=bf5b4940
随机测试 344: 通过 - a=fb09, b=23d7, softfloat=c45c9e3c (标志=00000000), 实际值=c45c9e3c
随机测试 345: 通过 - a=8f61, b=320d, softfloat=b8b297b4 (标志=00000000), 实际值=b8b297b4
随机测试 346: 通过 - a=b791, b=0ed3, softfloat=b94e8a0c (标志=00000000), 实际值=b94e8a0c
随机测试 347: 通过 - a=f99a, b=872f, softfloat=40a0f518 (标志=00000000), 实际值=40a0f518
随机测试 348: 通过 - a=634e, b=83b7, softfloat=bd591610 (标志=00000000), 实际值=bd591610
随机测试 349: 通过 - a=72c6, b=6b5d, softfloat=4c477fb8 (标志=00000000), 实际值=4c477fb8
随机测试 350: 通过 - a=ec9c, b=7f2f, softfloat=7fe5e000 (标志=00000000), 实际值=ffc00000
随机测试 351: 通过 - a=c644, b=3a9b, softfloat=c0a58cb0 (标志=00000000), 实际值=c0a58cb0
随机测试 352: 通过 - a=0062, b=bbe9, softfloat=b6c1cc80 (标志=00000000), 实际值=b6c1cc80
随机测试 353: 通过 - a=832e, b=128d, softfloat=b326a2b0 (标志=00000000), 实际值=b326a2b0
随机测试 354: 通过 - a=07c6, b=b4aa, softfloat=b81105f0 (标志=00000000), 实际值=b81105f0
随机测试 355: 通过 - a=f0a0, b=cf37, softfloat=48857980 (标志=00000000), 实际值=48857980
随机测试 356: 通过 - a=2ef0, b=a8e8, softfloat=bb882600 (标志=00000000), 实际值=bb882600
随机测试 357: 通过 - a=1ccd, b=09d1, softfloat=355f62e8 (标志=00000000), 实际值=355f62e8
随机测试 358: 通过 - a=63bb, b=92df, softfloat=bf547794 (标志=00000000), 实际值=bf547794
随机测试 359: 通过 - a=d57d, b=2158, softfloat=bf6a9fc0 (标志=00000000), 实际值=bf6a9fc0
随机测试 360: 通过 - a=509f, b=2f97, softfloat=408c4b24 (标志=00000000), 实际值=408c4b24
随机测试 361: 通过 - a=a206, b=2e29, softfloat=ba946bd8 (标志=00000000), 实际值=ba946bd8
随机测试 362: 通过 - a=63c4, b=f6d7, softfloat=cbd47670 (标志=00000000), 实际值=cbd47670
随机测试 363: 通过 - a=d45d, b=134d, softfloat=bd7ed7c8 (标志=00000000), 实际值=bd7ed7c8
随机测试 364: 通过 - a=c773, b=2a7f, softfloat=bec19034 (标志=00000000), 实际值=bec19034
随机测试 365: 通过 - a=744e, b=65b9, softfloat=4bc512f0 (标志=00000000), 实际值=4bc512f0
随机测试 366: 通过 - a=64e0, b=c239, softfloat=c572af00 (标志=00000000), 实际值=c572af00
随机测试 367: 通过 - a=4f81, b=8331, softfloat=babf9588 (标志=00000000), 实际值=babf9588
随机测试 368: 通过 - a=ef8f, b=7dfe, softfloat=7fffc000 (标志=00000010), 实际值=ffc00000
随机测试 369: 通过 - a=f05d, b=880f, softfloat=3f8dab98 (标志=00000000), 实际值=3f8dab98
随机测试 370: 通过 - a=cb33, b=d569, softfloat=449bcbac (标志=00000000), 实际值=449bcbac
随机测试 371: 通过 - a=a556, b=529a, softfloat=bf8ce6f0 (标志=00000000), 实际值=bf8ce6f0
随机测试 372: 通过 - a=295c, b=0749, softfloat=369c2cf0 (标志=00000000), 实际值=369c2cf0
随机测试 373: 通过 - a=77d3, b=7a3a, softfloat=4ec2df38 (标志=00000000), 实际值=4ec2df38
随机测试 374: 通过 - a=f5d8, b=0e78, softfloat=c1173500 (标志=00000000), 实际值=c1173500
随机测试 375: 通过 - a=3539, b=6025, softfloat=432d29e8 (标志=00000000), 实际值=432d29e8
随机测试 376: 通过 - a=d609, b=a856, softfloat=40515830 (标志=00000000), 实际值=40515830
随机测试 377: 通过 - a=682c, b=1cd3, softfloat=41210220 (标志=00000000), 实际值=41210220
随机测试 378: 通过 - a=3f1a, b=5100, softfloat=428e0800 (标志=00000000), 实际值=428e0800
随机测试 379: 通过 - a=5fac, b=8ee8, softfloat=be53ef80 (标志=00000000), 实际值=be53ef80
随机测试 380: 通过 - a=586c, b=40a0, softfloat=43a39c00 (标志=00000000), 实际值=43a39c00
随机测试 381: 通过 - a=251d, b=4fd1, softfloat=3f1fdeb4 (标志=00000000), 实际值=3f1fdeb4
随机测试 382: 通过 - a=0f00, b=78da, softfloat=4187d800 (标志=00000000), 实际值=4187d800
随机测试 383: 通过 - a=87d8, b=bbc0, softfloat=38f32800 (标志=00000000), 实际值=38f32800
随机测试 384: 通过 - a=0c4c, b=b0d1, softfloat=b8259060 (标志=00000000), 实际值=b8259060
随机测试 385: 通过 - a=0c51, b=ee51, softfloat=bfda1d08 (标志=00000000), 实际值=bfda1d08
随机测试 386: 通过 - a=be45, b=67b3, softfloat=c54114fc (标志=00000000), 实际值=c54114fc
随机测试 387: 通过 - a=067e, b=c680, softfloat=ba28cc00 (标志=00000000), 实际值=ba28cc00
随机测试 388: 通过 - a=53fc, b=d748, softfloat=c5e88b80 (标志=00000000), 实际值=c5e88b80
随机测试 389: 通过 - a=8081, b=dc31, softfloat=3b072c40 (标志=00000000), 实际值=3b072c40
随机测试 390: 通过 - a=b5a7, b=fd83, softfloat=fff06000 (标志=00000010), 实际值=7fc00000
随机测试 391: 通过 - a=423f, b=9100, softfloat=baf9d800 (标志=00000000), 实际值=baf9d800
随机测试 392: 通过 - a=8c64, b=937e, softfloat=348394e0 (标志=00000000), 实际值=348394e0
随机测试 393: 通过 - a=dff1, b=fb8e, softfloat=4beffab8 (标志=00000000), 实际值=4beffab8
随机测试 394: 通过 - a=4d9e, b=19e8, softfloat=3d84b4c0 (标志=00000000), 实际值=3d84b4c0
随机测试 395: 通过 - a=9b49, b=fa0a, softfloat=432ffb68 (标志=00000000), 实际值=432ffb68
随机测试 396: 通过 - a=1b5f, b=c851, softfloat=bcfe8878 (标志=00000000), 实际值=bcfe8878
随机测试 397: 通过 - a=8649, b=2825, softfloat=b6506468 (标志=00000000), 实际值=b6506468
随机测试 398: 通过 - a=e66c, b=9c58, softfloat=40df2900 (标志=00000000), 实际值=40df2900
随机测试 399: 通过 - a=6c5e, b=e22f, softfloat=ca580a10 (标志=00000000), 实际值=ca580a10
随机测试 400: 通过 - a=5a83, b=5327, softfloat=463a4bd4 (标志=00000000), 实际值=463a4bd4
随机测试 401: 通过 - a=dbd4, b=4494, softfloat=c48f5a40 (标志=00000000), 实际值=c48f5a40
随机测试 402: 通过 - a=e492, b=673c, softfloat=ca0440e0 (标志=00000000), 实际值=ca0440e0
随机测试 403: 通过 - a=1b46, b=2a6f, softfloat=393b2d68 (标志=00000000), 实际值=393b2d68
随机测试 404: 通过 - a=ae41, b=15f7, softfloat=b91536dc (标志=00000000), 实际值=b91536dc
随机测试 405: 通过 - a=3816, b=2f72, softfloat=3d735e60 (标志=00000000), 实际值=3d735e60
随机测试 406: 通过 - a=a5a2, b=59e3, softfloat=c084a298 (标志=00000000), 实际值=c084a298
随机测试 407: 通过 - a=0292, b=b0cb, softfloat=b6c51c60 (标志=00000000), 实际值=b6c51c60
随机测试 408: 通过 - a=7568, b=ee31, softfloat=cd05e3a0 (标志=00000000), 实际值=cd05e3a0
随机测试 409: 通过 - a=03cb, b=c855, softfloat=ba037338 (标志=00000000), 实际值=ba037338
随机测试 410: 通过 - a=8971, b=535e, softfloat=bc2059f8 (标志=00000000), 实际值=bc2059f8
随机测试 411: 通过 - a=86cd, b=56b5, softfloat=bc3673c4 (标志=00000000), 实际值=bc3673c4
随机测试 412: 通过 - a=0d08, b=be82, softfloat=ba02f840 (标志=00000000), 实际值=ba02f840
随机测试 413: 通过 - a=983f, b=f2b0, softfloat=41e32a80 (标志=00000000), 实际值=41e32a80
随机测试 414: 通过 - a=efac, b=3032, softfloat=c480be60 (标志=00000000), 实际值=c480be60
随机测试 415: 通过 - a=0505, b=fb5e, softfloat=c093eb58 (标志=00000000), 实际值=c093eb58
随机测试 416: 通过 - a=d8b8, b=677d, softfloat=c88d5760 (标志=00000000), 实际值=c88d5760
随机测试 417: 通过 - a=580a, b=8a8d, softfloat=bcd3ac10 (标志=00000000), 实际值=bcd3ac10
随机测试 418: 通过 - a=39c9, b=d8f1, softfloat=c2e4b1c8 (标志=00000000), 实际值=c2e4b1c8
随机测试 419: 通过 - a=deb4, b=7fe5, softfloat=7ffca000 (标志=00000000), 实际值=ffc00000
随机测试 420: 通过 - a=3934, b=c523, softfloat=c055d0e0 (标志=00000000), 实际值=c055d0e0
随机测试 421: 通过 - a=a32d, b=7131, softfloat=c3150274 (标志=00000000), 实际值=c3150274
随机测试 422: 通过 - a=c55e, b=27b4, softfloat=be256060 (标志=00000000), 实际值=be256060
随机测试 423: 通过 - a=730e, b=c164, softfloat=c7181de0 (标志=00000000), 实际值=c7181de0
随机测试 424: 通过 - a=8b64, b=b948, softfloat=391c2080 (标志=00000000), 实际值=391c2080
随机测试 425: 通过 - a=d88a, b=879b, softfloat=3c8a1638 (标志=00000000), 实际值=3c8a1638
随机测试 426: 通过 - a=f4cd, b=fa6b, softfloat=4e767d78 (标志=00000000), 实际值=4e767d78
随机测试 427: 通过 - a=23ab, b=a2e3, softfloat=b9533a84 (标志=00000000), 实际值=b9533a84
随机测试 428: 通过 - a=2fbd, b=24d9, softfloat=3b160cd4 (标志=00000000), 实际值=3b160cd4
随机测试 429: 通过 - a=58c2, b=ace0, softfloat=c1398e00 (标志=00000000), 实际值=c1398e00
随机测试 430: 通过 - a=265f, b=361d, softfloat=3c1bcb0c (标志=00000000), 实际值=3c1bcb0c
随机测试 431: 通过 - a=4c93, b=0326, softfloat=3a666d20 (标志=00000000), 实际值=3a666d20
随机测试 432: 通过 - a=8605, b=e809, softfloat=3e425168 (标志=00000000), 实际值=3e425168
随机测试 433: 通过 - a=846c, b=c06b, softfloat=391c4920 (标志=00000000), 实际值=391c4920
随机测试 434: 通过 - a=bdb0, b=b8f7, softfloat=3f61e680 (标志=00000000), 实际值=3f61e680
随机测试 435: 通过 - a=51a5, b=c057, softfloat=c2c3f898 (标志=00000000), 实际值=c2c3f898
随机测试 436: 通过 - a=f376, b=e34f, softfloat=4b5a1da8 (标志=00000000), 实际值=4b5a1da8
随机测试 437: 通过 - a=bdb4, b=a21d, softfloat=3c8b7590 (标志=00000000), 实际值=3c8b7590
随机测试 438: 通过 - a=1587, b=6346, softfloat=3fa0cfa8 (标志=00000000), 实际值=3fa0cfa8
随机测试 439: 通过 - a=9366, b=c19e, softfloat=3b263bd0 (标志=00000000), 实际值=3b263bd0
随机测试 440: 通过 - a=d13f, b=f554, softfloat=495f9d60 (标志=00000000), 实际值=495f9d60
随机测试 441: 通过 - a=5f54, b=344c, softfloat=42fbe780 (标志=00000000), 实际值=42fbe780
随机测试 442: 通过 - a=9006, b=1350, softfloat=b4eb5f00 (标志=00000000), 实际值=b4eb5f00
随机测试 443: 通过 - a=6d2d, b=dc86, softfloat=c9bb4c70 (标志=00000000), 实际值=c9bb4c70
随机测试 444: 通过 - a=836a, b=fdb8, softfloat=fff70000 (标志=00000010), 实际值=7fc00000
随机测试 445: 通过 - a=caef, b=57a0, softfloat=c4d37980 (标志=00000000), 实际值=c4d37980
随机测试 446: 通过 - a=8f3f, b=aa09, softfloat=37aeecdc (标志=00000000), 实际值=37aeecdc
随机测试 447: 通过 - a=42a8, b=fa55, softfloat=c8289720 (标志=00000000), 实际值=c8289720
随机测试 448: 通过 - a=661e, b=dcb8, softfloat=c8e6ec80 (标志=00000000), 实际值=c8e6ec80
随机测试 449: 通过 - a=62ce, b=e6d6, softfloat=c9ba10d0 (标志=00000000), 实际值=c9ba10d0
随机测试 450: 通过 - a=7025, b=0aa9, softfloat=3fdcd368 (标志=00000000), 实际值=3fdcd368
随机测试 451: 通过 - a=74cf, b=f535, softfloat=cdc84ed8 (标志=00000000), 实际值=cdc84ed8
随机测试 452: 通过 - a=dd40, b=73b6, softfloat=caa1ee00 (标志=00000000), 实际值=caa1ee00
随机测试 453: 通过 - a=84f5, b=c45a, softfloat=39ac9110 (标志=00000000), 实际值=39ac9110
随机测试 454: 通过 - a=97e1, b=1125, softfloat=b5a22214 (标志=00000000), 实际值=b5a22214
随机测试 455: 通过 - a=6027, b=b144, softfloat=c2aeeae0 (标志=00000000), 实际值=c2aeeae0
随机测试 456: 通过 - a=4679, b=9e9f, softfloat=bd2b6c9c (标志=00000000), 实际值=bd2b6c9c
随机测试 457: 通过 - a=93a8, b=d3c9, softfloat=3d6e6ba0 (标志=00000000), 实际值=3d6e6ba0
随机测试 458: 通过 - a=5d85, b=9d85, softfloat=bff3b8c8 (标志=00000000), 实际值=bff3b8c8
随机测试 459: 通过 - a=6873, b=0988, softfloat=3ec4e0c0 (标志=00000000), 实际值=3ec4e0c0
随机测试 460: 通过 - a=0596, b=4234, softfloat=398a99e0 (标志=00000000), 实际值=398a99e0
随机测试 461: 通过 - a=ed3d, b=f151, softfloat=4c5eca68 (标志=00000000), 实际值=4c5eca68
随机测试 462: 通过 - a=281b, b=901c, softfloat=b786f7a0 (标志=00000000), 实际值=b786f7a0
随机测试 463: 通过 - a=ebbd, b=e2b4, softfloat=4a4f7b90 (标志=00000000), 实际值=4a4f7b90
随机测试 464: 通过 - a=754e, b=3f2f, softfloat=47186d48 (标志=00000000), 实际值=47186d48
随机测试 465: 通过 - a=f159, b=fcec, softfloat=ffdd8000 (标志=00000010), 实际值=7fc00000
随机测试 466: 通过 - a=551e, b=ca9d, softfloat=c4875d98 (标志=00000000), 实际值=c4875d98
随机测试 467: 通过 - a=48c0, b=19e3, softfloat=3cdfb200 (标志=00000000), 实际值=3cdfb200
随机测试 468: 通过 - a=f664, b=704b, softfloat=cd5b7a60 (标志=00000000), 实际值=cd5b7a60
随机测试 469: 通过 - a=ff91, b=d784, softfloat=fff22000 (标志=00000000), 实际值=7fc00000
随机测试 470: 通过 - a=4749, b=2c13, softfloat=3eed7358 (标志=00000000), 实际值=3eed7358
随机测试 471: 通过 - a=e0b3, b=911c, softfloat=3ec014a0 (标志=00000000), 实际值=3ec014a0
随机测试 472: 通过 - a=ed28, b=bb2a, softfloat=4593c240 (标志=00000000), 实际值=4593c240
随机测试 473: 通过 - a=795d, b=61ee, softfloat=4bfe6bb0 (标志=00000000), 实际值=4bfe6bb0
随机测试 474: 通过 - a=5bcc, b=95bb, softfloat=beb2b810 (标志=00000000), 实际值=beb2b810
随机测试 475: 通过 - a=1478, b=25ca, softfloat=37cef580 (标志=00000000), 实际值=37cef580
随机测试 476: 通过 - a=b75d, b=fa1e, softfloat=46b42b98 (标志=00000000), 实际值=46b42b98
随机测试 477: 通过 - a=bd76, b=79cb, softfloat=c77d1490 (标志=00000000), 实际值=c77d1490
随机测试 478: 通过 - a=f1db, b=e4b4, softfloat=4b5c4fe0 (标志=00000000), 实际值=4b5c4fe0
随机测试 479: 通过 - a=4320, b=bb04, softfloat=c047f200 (标志=00000000), 实际值=c047f200
随机测试 480: 通过 - a=b279, b=10cd, softfloat=b8f89728 (标志=00000000), 实际值=b8f89728
随机测试 481: 通过 - a=2c92, b=0045, softfloat=349dad00 (标志=00000000), 实际值=349dad00
随机测试 482: 通过 - a=6aa9, b=fc9e, softfloat=ffd3c000 (标志=00000010), 实际值=ffc00000
随机测试 483: 通过 - a=cbdd, b=2dc0, softfloat=bfb4db00 (标志=00000000), 实际值=bfb4db00
随机测试 484: 通过 - a=424b, b=e1bb, softfloat=c5103f24 (标志=00000000), 实际值=c5103f24
随机测试 485: 通过 - a=2981, b=d8b2, softfloat=c0cebd90 (标志=00000000), 实际值=c0cebd90
随机测试 486: 通过 - a=27b3, b=b90b, softfloat=bc9b4ec4 (标志=00000000), 实际值=bc9b4ec4
随机测试 487: 通过 - a=1148, b=60e1, softfloat=3ece2240 (标志=00000000), 实际值=3ece2240
随机测试 488: 通过 - a=c5fc, b=44af, softfloat=c1e03a20 (标志=00000000), 实际值=c1e03a20
随机测试 489: 通过 - a=0ea0, b=df0e, softfloat=be3af300 (标志=00000000), 实际值=be3af300
随机测试 490: 通过 - a=8775, b=ffd9, softfloat=fffb2000 (标志=00000000), 实际值=7fc00000
随机测试 491: 通过 - a=6e0d, b=3127, softfloat=447967d8 (标志=00000000), 实际值=447967d8
随机测试 492: 通过 - a=9974, b=21fc, softfloat=b80288c0 (标志=00000000), 实际值=b80288c0
随机测试 493: 通过 - a=3ebf, b=f25f, softfloat=c6abeb84 (标志=00000000), 实际值=c6abeb84
随机测试 494: 通过 - a=e881, b=aa68, softfloat=42e6d340 (标志=00000000), 实际值=42e6d340
随机测试 495: 通过 - a=48fa, b=80fb, softfloat=b91c23c0 (标志=00000000), 实际值=b91c23c0
随机测试 496: 通过 - a=2119, b=54a6, softfloat=3f3d91b0 (标志=00000000), 实际值=3f3d91b0
随机测试 497: 通过 - a=1b53, b=f6ef, softfloat=c2cb21f4 (标志=00000000), 实际值=c2cb21f4
随机测试 498: 通过 - a=aeed, b=9db1, softfloat=3a1dab74 (标志=00000000), 实际值=3a1dab74
随机测试 499: 通过 - a=fe64, b=3021, softfloat=ffcc8000 (标志=00000000), 实际值=ffc00000
随机测试 500: 通过 - a=bdf6, b=bf68, softfloat=403097c0 (标志=00000000), 实际值=403097c0
随机测试 501: 通过 - a=0014, b=ca6f, softfloat=b780ac00 (标志=00000000), 实际值=b780ac00
随机测试 502: 通过 - a=362a, b=b73e, softfloat=be3290b0 (标志=00000000), 实际值=be3290b0
随机测试 503: 通过 - a=eef7, b=1f46, softfloat=c24aa228 (标志=00000000), 实际值=c24aa228
随机测试 504: 通过 - a=ca3d, b=40a0, softfloat=c1e6d100 (标志=00000000), 实际值=c1e6d100
随机测试 505: 通过 - a=53fa, b=4df4, softfloat=44bdf120 (标志=00000000), 实际值=44bdf120
随机测试 506: 通过 - a=e333, b=d700, softfloat=47c99400 (标志=00000000), 实际值=47c99400
随机测试 507: 通过 - a=7bdc, b=2d70, softfloat=45aaf100 (标志=00000000), 实际值=45aaf100
随机测试 508: 通过 - a=aa29, b=b90f, softfloat=3cf94b38 (标志=00000000), 实际值=3cf94b38
随机测试 509: 通过 - a=7196, b=5dd7, softfloat=4a827be8 (标志=00000000), 实际值=4a827be8
随机测试 510: 通过 - a=1123, b=de06, softfloat=be778690 (标志=00000000), 实际值=be778690
随机测试 511: 通过 - a=004a, b=394a, softfloat=3643b200 (标志=00000000), 实际值=3643b200
随机测试 512: 通过 - a=bf41, b=0788, softfloat=b95a8620 (标志=00000000), 实际值=b95a8620
随机测试 513: 通过 - a=b8cd, b=dd71, softfloat=4350fbe8 (标志=00000000), 实际值=4350fbe8
随机测试 514: 通过 - a=2228, b=ac13, softfloat=ba48a7c0 (标志=00000000), 实际值=ba48a7c0
随机测试 515: 通过 - a=e26c, b=2455, softfloat=c15e8ee0 (标志=00000000), 实际值=c15e8ee0
随机测试 516: 通过 - a=67fe, b=0d6f, softfloat=3f2db488 (标志=00000000), 实际值=3f2db488
随机测试 517: 通过 - a=8bf4, b=acc1, softfloat=37973bd0 (标志=00000000), 实际值=37973bd0
随机测试 518: 通过 - a=76d3, b=2218, softfloat=43a65720 (标志=00000000), 实际值=43a65720
随机测试 519: 通过 - a=7fad, b=cff9, softfloat=7ff5a000 (标志=00000000), 实际值=ffc00000
随机测试 520: 通过 - a=01c8, b=aa25, softfloat=b5af1e80 (标志=00000000), 实际值=b5af1e80
随机测试 521: 通过 - a=4848, b=abe3, softfloat=bf070f60 (标志=00000000), 实际值=bf070f60
随机测试 522: 通过 - a=6fd0, b=218a, softfloat=42ad1880 (标志=00000000), 实际值=42ad1880
随机测试 523: 通过 - a=3667, b=1870, softfloat=3a634880 (标志=00000000), 实际值=3a634880
随机测试 524: 通过 - a=ef60, b=bf4e, softfloat=46577d00 (标志=00000000), 实际值=46577d00
随机测试 525: 通过 - a=53cf, b=b672, softfloat=c1c950b8 (标志=00000000), 实际值=c1c950b8
随机测试 526: 通过 - a=69f2, b=8294, softfloat=bdf53e80 (标志=00000000), 实际值=bdf53e80
随机测试 527: 通过 - a=68e8, b=e198, softfloat=c9db8e00 (标志=00000000), 实际值=c9db8e00
随机测试 528: 通过 - a=8f9e, b=2bf8, softfloat=b7f2cc40 (标志=00000000), 实际值=b7f2cc40
随机测试 529: 通过 - a=048d, b=b2cb, softfloat=b7774e78 (标志=00000000), 实际值=b7774e78
随机测试 530: 通过 - a=c6af, b=2f38, softfloat=bf40fd20 (标志=00000000), 实际值=bf40fd20
随机测试 531: 通过 - a=75e0, b=09a1, softfloat=40844780 (标志=00000000), 实际值=40844780
随机测试 532: 通过 - a=4094, b=cca1, softfloat=c22988a0 (标志=00000000), 实际值=c22988a0
随机测试 533: 通过 - a=c521, b=7f25, softfloat=7fe4a000 (标志=00000000), 实际值=ffc00000
随机测试 534: 通过 - a=e6eb, b=013b, softfloat=bd083290 (标志=00000000), 实际值=bd083290
随机测试 535: 通过 - a=be2e, b=6f9c, softfloat=c63c1820 (标志=00000000), 实际值=c63c1820
随机测试 536: 通过 - a=6716, b=8420, softfloat=bde9d600 (标志=00000000), 实际值=bde9d600
随机测试 537: 通过 - a=eec2, b=f895, softfloat=4d77b750 (标志=00000000), 实际值=4d77b750
随机测试 538: 通过 - a=2a2d, b=d905, softfloat=c0f7ff08 (标志=00000000), 实际值=c0f7ff08
随机测试 539: 通过 - a=a007, b=f5e8, softfloat=433e4ac0 (标志=00000000), 实际值=433e4ac0
随机测试 540: 通过 - a=6098, b=3768, softfloat=43881700 (标志=00000000), 实际值=43881700
随机测试 541: 通过 - a=e297, b=01eb, softfloat=bcca39d0 (标志=00000000), 实际值=bcca39d0
随机测试 542: 通过 - a=f237, b=9952, softfloat=42044278 (标志=00000000), 实际值=42044278
随机测试 543: 通过 - a=7f83, b=7886, softfloat=7ff06000 (标志=00000000), 实际值=7fc00000
随机测试 544: 通过 - a=8d71, b=bc34, softfloat=39b6f7a0 (标志=00000000), 实际值=39b6f7a0
随机测试 545: 通过 - a=0274, b=7872, softfloat=3fae7a80 (标志=00000000), 实际值=3fae7a80
随机测试 546: 通过 - a=9af2, b=1fcc, softfloat=b7d89b60 (标志=00000000), 实际值=b7d89b60
随机测试 547: 通过 - a=b888, b=dd44, softfloat=433ee100 (标志=00000000), 实际值=433ee100
随机测试 548: 通过 - a=4b82, b=fa8c, softfloat=c9449c60 (标志=00000000), 实际值=c9449c60
随机测试 549: 通过 - a=aef4, b=408f, softfloat=be7d9260 (标志=00000000), 实际值=be7d9260
随机测试 550: 通过 - a=88c5, b=4c81, softfloat=bb2bda28 (标志=00000000), 实际值=bb2bda28
随机测试 551: 通过 - a=ac15, b=ffcb, softfloat=fff96000 (标志=00000000), 实际值=7fc00000
随机测试 552: 通过 - a=fd36, b=d12a, softfloat=ffe6c000 (标志=00000010), 实际值=7fc00000
随机测试 553: 通过 - a=42f5, b=363d, softfloat=3fad9984 (标志=00000000), 实际值=3fad9984
随机测试 554: 通过 - a=1746, b=003b, softfloat=31d69100 (标志=00000000), 实际值=31d69100
随机测试 555: 通过 - a=bcee, b=c193, softfloat=405bd550 (标志=00000000), 实际值=405bd550
随机测试 556: 通过 - a=02e4, b=1cc4, softfloat=345c6900 (标志=00000000), 实际值=345c6900
随机测试 557: 通过 - a=2472, b=3b72, softfloat=3c846310 (标志=00000000), 实际值=3c846310
随机测试 558: 通过 - a=aa51, b=1db5, softfloat=b9903114 (标志=00000000), 实际值=b9903114
随机测试 559: 通过 - a=47a3, b=01ac, softfloat=394c4840 (标志=00000000), 实际值=394c4840
随机测试 560: 通过 - a=ba97, b=c031, softfloat=3fdcf738 (标志=00000000), 实际值=3fdcf738
随机测试 561: 通过 - a=b0be, b=2e57, softfloat=bc708490 (标志=00000000), 实际值=bc708490
随机测试 562: 通过 - a=a176, b=81b4, softfloat=3494cf80 (标志=00000000), 实际值=3494cf80
随机测试 563: 通过 - a=ac00, b=a073, softfloat=3a0e6000 (标志=00000000), 实际值=3a0e6000
随机测试 564: 通过 - a=8429, b=9b72, softfloat=3477ca10 (标志=00000000), 实际值=3477ca10
随机测试 565: 通过 - a=461e, b=f36d, softfloat=c7b5b318 (标志=00000000), 实际值=c7b5b318
随机测试 566: 通过 - a=59cd, b=0bfd, softfloat=3d395a64 (标志=00000000), 实际值=3d395a64
随机测试 567: 通过 - a=4dd7, b=7f1b, softfloat=7fe36000 (标志=00000000), 实际值=7fc00000
随机测试 568: 通过 - a=c5ce, b=8b96, softfloat=3ab022d0 (标志=00000000), 实际值=3ab022d0
随机测试 569: 通过 - a=48ca, b=6587, softfloat=4653c430 (标志=00000000), 实际值=4653c430
随机测试 570: 通过 - a=342d, b=9b2c, softfloat=ba6f95e0 (标志=00000000), 实际值=ba6f95e0
随机测试 571: 通过 - a=8925, b=7d22, softfloat=7fe44000 (标志=00000010), 实际值=ffc00000
随机测试 572: 通过 - a=d4f3, b=7383, softfloat=c994b564 (标志=00000000), 实际值=c994b564
随机测试 573: 通过 - a=173d, b=65b0, softfloat=4024abc0 (标志=00000000), 实际值=4024abc0
随机测试 574: 通过 - a=93b9, b=136c, softfloat=b5654430 (标志=00000000), 实际值=b5654430
随机测试 575: 通过 - a=bfa8, b=799a, softfloat=c7ab8c40 (标志=00000000), 实际值=c7ab8c40
随机测试 576: 通过 - a=1982, b=339d, softfloat=3a27bae8 (标志=00000000), 实际值=3a27bae8
随机测试 577: 通过 - a=0ffc, b=d4df, softfloat=bd1b9210 (标志=00000000), 实际值=bd1b9210
随机测试 578: 通过 - a=d4d9, b=500c, softfloat=c51cf160 (标志=00000000), 实际值=c51cf160
随机测试 579: 通过 - a=51c0, b=545c, softfloat=45488800 (标志=00000000), 实际值=45488800
随机测试 580: 通过 - a=f181, b=a84f, softfloat=43bdb678 (标志=00000000), 实际值=43bdb678
随机测试 581: 通过 - a=90a8, b=95a3, softfloat=3551f7c0 (标志=00000000), 实际值=3551f7c0
随机测试 582: 通过 - a=5888, b=37f9, softfloat=42908120 (标志=00000000), 实际值=42908120
随机测试 583: 通过 - a=9cbd, b=ef18, softfloat=420672e0 (标志=00000000), 实际值=420672e0
随机测试 584: 通过 - a=bb1f, b=b76b, softfloat=3ed34bd4 (标志=00000000), 实际值=3ed34bd4
随机测试 585: 通过 - a=fe7d, b=8396, softfloat=ffcfa000 (标志=00000000), 实际值=7fc00000
随机测试 586: 通过 - a=800b, b=a311, softfloat=321b7600 (标志=00000000), 实际值=321b7600
随机测试 587: 通过 - a=028f, b=283f, softfloat=35add310 (标志=00000000), 实际值=35add310
随机测试 588: 通过 - a=d70a, b=3a7b, softfloat=c2b67738 (标志=00000000), 实际值=c2b67738
随机测试 589: 通过 - a=b62d, b=7ec5, softfloat=7fd8a000 (标志=00000000), 实际值=ffc00000
随机测试 590: 通过 - a=aaff, b=765d, softfloat=c4b2128c (标志=00000000), 实际值=c4b2128c
随机测试 591: 通过 - a=e6ca, b=e1d7, softfloat=499e9698 (标志=00000000), 实际值=499e9698
随机测试 592: 通过 - a=a73d, b=15dd, softfloat=b829c2a4 (标志=00000000), 实际值=b829c2a4
随机测试 593: 通过 - a=1b1a, b=6aeb, softfloat=41448378 (标志=00000000), 实际值=41448378
随机测试 594: 通过 - a=39d2, b=9329, softfloat=ba26b288 (标志=00000000), 实际值=ba26b288
随机测试 595: 通过 - a=a313, b=f826, softfloat=43eac690 (标志=00000000), 实际值=43eac690
随机测试 596: 通过 - a=8a1d, b=28d6, softfloat=b6ec81f0 (标志=00000000), 实际值=b6ec81f0
随机测试 597: 通过 - a=8bf2, b=268e, softfloat=b6d050f0 (标志=00000000), 实际值=b6d050f0
随机测试 598: 通过 - a=8892, b=d2f7, softfloat=3bfea6f0 (标志=00000000), 实际值=3bfea6f0
随机测试 599: 通过 - a=9aee, b=4e45, softfloat=bdadc898 (标志=00000000), 实际值=bdadc898
随机测试 600: 通过 - a=e1fe, b=506d, softfloat=c6d42930 (标志=00000000), 实际值=c6d42930
随机测试 601: 通过 - a=64a7, b=9004, softfloat=bf1574e0 (标志=00000000), 实际值=bf1574e0
随机测试 602: 通过 - a=fc22, b=1c59, softfloat=ffc44000 (标志=00000010), 实际值=ffc00000
随机测试 603: 通过 - a=2ee6, b=c48d, softfloat=befb2570 (标志=00000000), 实际值=befb2570
随机测试 604: 通过 - a=0905, b=713b, softfloat=3fd20938 (标志=00000000), 实际值=3fd20938
随机测试 605: 通过 - a=09cf, b=884c, softfloat=b2c7aba0 (标志=00000000), 实际值=b2c7aba0
随机测试 606: 通过 - a=f3cb, b=4ca7, softfloat=c89105b4 (标志=00000000), 实际值=c89105b4
随机测试 607: 通过 - a=bd18, b=38e3, softfloat=bf472240 (标志=00000000), 实际值=bf472240
随机测试 608: 通过 - a=676c, b=680f, softfloat=4a70faa0 (标志=00000000), 实际值=4a70faa0
随机测试 609: 通过 - a=d95b, b=f1d0, softfloat=49f90780 (标志=00000000), 实际值=49f90780
随机测试 610: 通过 - a=cd2f, b=4297, softfloat=c288a2e4 (标志=00000000), 实际值=c288a2e4
随机测试 611: 通过 - a=a720, b=8cee, softfloat=370c7f00 (标志=00000000), 实际值=370c7f00
随机测试 612: 通过 - a=5425, b=1772, softfloat=3df6dbd0 (标志=00000000), 实际值=3df6dbd0
随机测试 613: 通过 - a=32b4, b=a704, softfloat=bbbc1b40 (标志=00000000), 实际值=bbbc1b40
随机测试 614: 通过 - a=e8a0, b=e1b3, softfloat=49d2df00 (标志=00000000), 实际值=49d2df00
随机测试 615: 通过 - a=4b63, b=9e1f, softfloat=bdb4dbf4 (标志=00000000), 实际值=bdb4dbf4
随机测试 616: 通过 - a=37dc, b=5c14, softfloat=430034c0 (标志=00000000), 实际值=430034c0
随机测试 617: 通过 - a=7835, b=8ce4, softfloat=c12499a0 (标志=00000000), 实际值=c12499a0
随机测试 618: 通过 - a=a9ce, b=04ae, softfloat=b6595020 (标志=00000000), 实际值=b6595020
随机测试 619: 通过 - a=0bb9, b=51a4, softfloat=3c2e3e10 (标志=00000000), 实际值=3c2e3e10
随机测试 620: 通过 - a=6c5a, b=180d, softfloat=410d0490 (标志=00000000), 实际值=410d0490
随机测试 621: 通过 - a=0a06, b=8354, softfloat=b2205fc0 (标志=00000000), 实际值=b2205fc0
随机测试 622: 通过 - a=6adc, b=90a1, softfloat=bffe02e0 (标志=00000000), 实际值=bffe02e0
随机测试 623: 通过 - a=457a, b=8037, softfloat=b7969b00 (标志=00000000), 实际值=b7969b00
随机测试 624: 通过 - a=544b, b=2b07, softfloat=40715868 (标志=00000000), 实际值=40715868
随机测试 625: 通过 - a=4659, b=675e, softfloat=463b0eb8 (标志=00000000), 实际值=463b0eb8
随机测试 626: 通过 - a=91d6, b=631b, softfloat=bf25de48 (标志=00000000), 实际值=bf25de48
随机测试 627: 通过 - a=5ae5, b=11ca, softfloat=3e1fa6c8 (标志=00000000), 实际值=3e1fa6c8
随机测试 628: 通过 - a=4f5b, b=7548, softfloat=491b6260 (标志=00000000), 实际值=491b6260
随机测试 629: 通过 - a=8d00, b=1951, softfloat=b554a800 (标志=00000000), 实际值=b554a800
随机测试 630: 通过 - a=7a7c, b=5d1d, softfloat=4b84a030 (标志=00000000), 实际值=4b84a030
随机测试 631: 通过 - a=abf1, b=df19, softfloat=41e17624 (标志=00000000), 实际值=41e17624
随机测试 632: 通过 - a=bcbf, b=d791, softfloat=430fa4bc (标志=00000000), 实际值=430fa4bc
随机测试 633: 通过 - a=3e6f, b=7ac2, softfloat=47ade878 (标志=00000000), 实际值=47ade878
随机测试 634: 通过 - a=847f, b=5ef0, softfloat=bcf98880 (标志=00000000), 实际值=bcf98880
随机测试 635: 通过 - a=9475, b=cd18, softfloat=3cb59fc0 (标志=00000000), 实际值=3cb59fc0
随机测试 636: 通过 - a=fe17, b=2fee, softfloat=ffc2e000 (标志=00000000), 实际值=ffc00000
随机测试 637: 通过 - a=ba11, b=6c67, softfloat=c555a6b8 (标志=00000000), 实际值=c555a6b8
随机测试 638: 通过 - a=140d, b=46d8, softfloat=3bddc7c0 (标志=00000000), 实际值=3bddc7c0
随机测试 639: 通过 - a=7daf, b=b842, softfloat=7ff5e000 (标志=00000010), 实际值=ffc00000
随机测试 640: 通过 - a=72ab, b=5f54, softfloat=4ac37470 (标志=00000000), 实际值=4ac37470
随机测试 641: 通过 - a=6206, b=cddc, softfloat=c68d2ca0 (标志=00000000), 实际值=c68d2ca0
随机测试 642: 通过 - a=84c5, b=f4b1, softfloat=3fb301a8 (标志=00000000), 实际值=3fb301a8
随机测试 643: 通过 - a=bd37, b=85c8, softfloat=38f12fc0 (标志=00000000), 实际值=38f12fc0
随机测试 644: 通过 - a=7917, b=4432, softfloat=482ad3f0 (标志=00000000), 实际值=482ad3f0
随机测试 645: 通过 - a=963e, b=7b3b, softfloat=c2b48928 (标志=00000000), 实际值=c2b48928
随机测试 646: 通过 - a=3b0d, b=4a62, softfloat=413403e8 (标志=00000000), 实际值=413403e8
随机测试 647: 通过 - a=b944, b=0e9f, softfloat=b98b74f0 (标志=00000000), 实际值=b98b74f0
随机测试 648: 通过 - a=7348, b=c1cf, softfloat=c7292ce0 (标志=00000000), 实际值=c7292ce0
随机测试 649: 通过 - a=b4f2, b=58a0, softfloat=c236fa00 (标志=00000000), 实际值=c236fa00
随机测试 650: 通过 - a=93c1, b=2737, softfloat=b7dfc5dc (标志=00000000), 实际值=b7dfc5dc
随机测试 651: 通过 - a=d059, b=3871, softfloat=c19a7a48 (标志=00000000), 实际值=c19a7a48
随机测试 652: 通过 - a=c0df, b=b696, softfloat=3f8052a8 (标志=00000000), 实际值=3f8052a8
随机测试 653: 通过 - a=1c83, b=4786, softfloat=3d07c648 (标志=00000000), 实际值=3d07c648
随机测试 654: 通过 - a=ec4c, b=6a13, softfloat=cb50cd20 (标志=00000000), 实际值=cb50cd20
随机测试 655: 通过 - a=6250, b=e06c, softfloat=c8df4e00 (标志=00000000), 实际值=c8df4e00
随机测试 656: 通过 - a=c1f9, b=013b, softfloat=b86b2c60 (标志=00000000), 实际值=b86b2c60
随机测试 657: 通过 - a=30ae, b=2208, softfloat=3ae1cb80 (标志=00000000), 实际值=3ae1cb80
随机测试 658: 通过 - a=ab12, b=f48d, softfloat=4480b3a8 (标志=00000000), 实际值=4480b3a8
随机测试 659: 通过 - a=d0c4, b=e9ed, softfloat=47e1eba0 (标志=00000000), 实际值=47e1eba0
随机测试 660: 通过 - a=d44b, b=82c4, softfloat=3b3df6c0 (标志=00000000), 实际值=3b3df6c0
随机测试 661: 通过 - a=4f2f, b=cdfd, softfloat=c42c11cc (标志=00000000), 实际值=c42c11cc
随机测试 662: 通过 - a=2a4c, b=a6e3, softfloat=baad7590 (标志=00000000), 实际值=baad7590
随机测试 663: 通过 - a=78df, b=2f15, softfloat=4589fd2c (标志=00000000), 实际值=4589fd2c
随机测试 664: 通过 - a=5aac, b=1d6e, softfloat=3f90e7a0 (标志=00000000), 实际值=3f90e7a0
随机测试 665: 通过 - a=d9b7, b=27f9, softfloat=c0b63ffc (标志=00000000), 实际值=c0b63ffc
随机测试 666: 通过 - a=cf36, b=60d3, softfloat=c68b2608 (标志=00000000), 实际值=c68b2608
随机测试 667: 通过 - a=bc80, b=9533, softfloat=3abb2c00 (标志=00000000), 实际值=3abb2c00
随机测试 668: 通过 - a=b2f1, b=ac75, softfloat=3c778128 (标志=00000000), 实际值=3c778128
随机测试 669: 通过 - a=2f49, b=102a, softfloat=3872afd0 (标志=00000000), 实际值=3872afd0
随机测试 670: 通过 - a=f5a2, b=ff50, softfloat=ffea0000 (标志=00000000), 实际值=7fc00000
随机测试 671: 通过 - a=facb, b=f915, softfloat=4f0a169c (标志=00000000), 实际值=4f0a169c
随机测试 672: 通过 - a=3e37, b=14b9, softfloat=3aeacdf8 (标志=00000000), 实际值=3aeacdf8
随机测试 673: 通过 - a=aef3, b=691a, softfloat=c38dceb8 (标志=00000000), 实际值=c38dceb8
随机测试 674: 通过 - a=ffec, b=671c, softfloat=fffd8000 (标志=00000000), 实际值=ffc00000
随机测试 675: 通过 - a=9412, b=3d39, softfloat=baaa1010 (标志=00000000), 实际值=baaa1010
随机测试 676: 通过 - a=5f80, b=324a, softfloat=42bcac00 (标志=00000000), 实际值=42bcac00
随机测试 677: 通过 - a=b9eb, b=0e4e, softfloat=b9953e68 (标志=00000000), 实际值=b9953e68
随机测试 678: 通过 - a=4b50, b=743b, softfloat=48777b80 (标志=00000000), 实际值=48777b80
随机测试 679: 通过 - a=e91d, b=3fd8, softfloat=c5a06de0 (标志=00000000), 实际值=c5a06de0
随机测试 680: 通过 - a=70bb, b=e6c8, softfloat=cb805060 (标志=00000000), 实际值=cb805060
随机测试 681: 通过 - a=af0b, b=e4c0, softfloat=4305d100 (标志=00000000), 实际值=4305d100
随机测试 682: 通过 - a=3a97, b=084e, softfloat=38e2f010 (标志=00000000), 实际值=38e2f010
随机测试 683: 通过 - a=59dc, b=e0d6, softfloat=c7e2af40 (标志=00000000), 实际值=c7e2af40
随机测试 684: 通过 - a=d422, b=12b2, softfloat=bd5d5d20 (标志=00000000), 实际值=bd5d5d20
随机测试 685: 通过 - a=efa8, b=cb43, softfloat=47de63e0 (标志=00000000), 实际值=47de63e0
随机测试 686: 通过 - a=2d2e, b=05c7, softfloat=36ef6610 (标志=00000000), 实际值=36ef6610
随机测试 687: 通过 - a=436a, b=0196, softfloat=38bc21c0 (标志=00000000), 实际值=38bc21c0
随机测试 688: 通过 - a=ec01, b=9784, softfloat=40f0bc20 (标志=00000000), 实际值=40f0bc20
随机测试 689: 通过 - a=dbd0, b=9ec1, softfloat=3fd30f40 (标志=00000000), 实际值=3fd30f40
随机测试 690: 通过 - a=8299, b=4602, softfloat=b979b320 (标志=00000000), 实际值=b979b320
随机测试 691: 通过 - a=077e, b=7ea1, softfloat=7fd42000 (标志=00000000), 实际值=7fc00000
随机测试 692: 通过 - a=18d8, b=50c6, softfloat=3db8f880 (标志=00000000), 实际值=3db8f880
随机测试 693: 通过 - a=d3e4, b=4059, softfloat=c3093910 (标志=00000000), 实际值=c3093910
随机测试 694: 通过 - a=9a44, b=b03c, softfloat=39d43f80 (标志=00000000), 实际值=39d43f80
随机测试 695: 通过 - a=0934, b=3f3a, softfloat=39966720 (标志=00000000), 实际值=39966720
随机测试 696: 通过 - a=b7dc, b=23ef, softfloat=bbf96990 (标志=00000000), 实际值=bbf96990
随机测试 697: 通过 - a=3595, b=9360, softfloat=b9a4ab80 (标志=00000000), 实际值=b9a4ab80
随机测试 698: 通过 - a=d7b7, b=2167, softfloat=bfa6b684 (标志=00000000), 实际值=bfa6b684
随机测试 699: 通过 - a=a336, b=1ace, softfloat=b84445d0 (标志=00000000), 实际值=b84445d0
随机测试 700: 通过 - a=29de, b=eb2c, softfloat=c32850a0 (标志=00000000), 实际值=c32850a0
随机测试 701: 通过 - a=603c, b=753a, softfloat=4b310cc0 (标志=00000000), 实际值=4b310cc0
随机测试 702: 通过 - a=952a, b=78e5, softfloat=c24a3490 (标志=00000000), 实际值=c24a3490
随机测试 703: 通过 - a=394b, b=f83e, softfloat=c6b3a150 (标志=00000000), 实际值=c6b3a150
随机测试 704: 通过 - a=cc8a, b=8b09, softfloat=3b7f76d0 (标志=00000000), 实际值=3b7f76d0
随机测试 705: 通过 - a=b897, b=c523, softfloat=403c9d28 (标志=00000000), 实际值=403c9d28
随机测试 706: 通过 - a=3677, b=981c, softfloat=ba548820 (标志=00000000), 实际值=ba548820
随机测试 707: 通过 - a=2b3e, b=b312, softfloat=bc4cd170 (标志=00000000), 实际值=bc4cd170
随机测试 708: 通过 - a=020a, b=e0f5, softfloat=bca1b920 (标志=00000000), 实际值=bca1b920
随机测试 709: 通过 - a=9be2, b=63c5, softfloat=c074fba8 (标志=00000000), 实际值=c074fba8
随机测试 710: 通过 - a=1c6c, b=5ef1, softfloat=3ff58d60 (标志=00000000), 实际值=3ff58d60
随机测试 711: 通过 - a=d72d, b=2e89, softfloat=c13b9454 (标志=00000000), 实际值=c13b9454
随机测试 712: 通过 - a=2d0f, b=ccab, softfloat=bfbce828 (标志=00000000), 实际值=bfbce828
随机测试 713: 通过 - a=6854, b=30bb, softfloat=43a3cae0 (标志=00000000), 实际值=43a3cae0
随机测试 714: 通过 - a=a280, b=ab17, softfloat=3a385600 (标志=00000000), 实际值=3a385600
随机测试 715: 通过 - a=9f2f, b=4683, softfloat=bd3b1c34 (标志=00000000), 实际值=bd3b1c34
随机测试 716: 通过 - a=ab2c, b=307c, softfloat=bc00a540 (标志=00000000), 实际值=bc00a540
随机测试 717: 通过 - a=82fb, b=0ff1, softfloat=b2bd5a58 (标志=00000000), 实际值=b2bd5a58
随机测试 718: 通过 - a=2ee6, b=5e51, softfloat=422e4b18 (标志=00000000), 实际值=422e4b18
随机测试 719: 通过 - a=e065, b=e054, softfloat=48982920 (标志=00000000), 实际值=48982920
随机测试 720: 通过 - a=db9c, b=ec6d, softfloat=4986b5b0 (标志=00000000), 实际值=4986b5b0
随机测试 721: 通过 - a=46f3, b=dae0, softfloat=c4bf1a80 (标志=00000000), 实际值=c4bf1a80
随机测试 722: 通过 - a=1afc, b=597f, softfloat=3f198c10 (标志=00000000), 实际值=3f198c10
随机测试 723: 通过 - a=ff60, b=d773, softfloat=ffec0000 (标志=00000000), 实际值=7fc00000
随机测试 724: 通过 - a=1c6a, b=de49, softfloat=bfddf1d0 (标志=00000000), 实际值=bfddf1d0
随机测试 725: 通过 - a=1405, b=75ae, softfloat=41b6a330 (标志=00000000), 实际值=41b6a330
随机测试 726: 通过 - a=cc25, b=7a9b, softfloat=c95b0338 (标志=00000000), 实际值=c95b0338
随机测试 727: 通过 - a=57ed, b=0e07, softfloat=3d3f15ec (标志=00000000), 实际值=3d3f15ec
随机测试 728: 通过 - a=d3eb, b=e87f, softfloat=480e6654 (标志=00000000), 实际值=480e6654
随机测试 729: 通过 - a=4e9f, b=be2e, softfloat=c223aa48 (标志=00000000), 实际值=c223aa48
随机测试 730: 通过 - a=a0f5, b=a38f, softfloat=3915df6c (标志=00000000), 实际值=3915df6c
随机测试 731: 通过 - a=4a43, b=6357, softfloat=4637d714 (标志=00000000), 实际值=4637d714
随机测试 732: 通过 - a=5ca7, b=e9f0, softfloat=c95cfc80 (标志=00000000), 实际值=c95cfc80
随机测试 733: 通过 - a=5331, b=96c1, softfloat=bdc247c4 (标志=00000000), 实际值=bdc247c4
随机测试 734: 通过 - a=f6c9, b=b3e9, softfloat=45d6afc4 (标志=00000000), 实际值=45d6afc4
随机测试 735: 通过 - a=398a, b=b81a, softfloat=beb5c020 (标志=00000000), 实际值=beb5c020
随机测试 736: 通过 - a=199d, b=be8f, softfloat=bb9342cc (标志=00000000), 实际值=bb9342cc
随机测试 737: 通过 - a=82e8, b=df0d, softfloat=3ca3ee40 (标志=00000000), 实际值=3ca3ee40
随机测试 738: 通过 - a=31b7, b=8b76, softfloat=b82a8d68 (标志=00000000), 实际值=b82a8d68
随机测试 739: 通过 - a=81c9, b=eaa2, softfloat=3dbd7320 (标志=00000000), 实际值=3dbd7320
随机测试 740: 通过 - a=68df, b=4eee, softfloat=47870548 (标志=00000000), 实际值=47870548
随机测试 741: 通过 - a=3fc7, b=76a8, softfloat=474f1260 (标志=00000000), 实际值=474f1260
随机测试 742: 通过 - a=ace2, b=07b6, softfloat=b7169ab0 (标志=00000000), 实际值=b7169ab0
随机测试 743: 通过 - a=8730, b=def2, softfloat=3d47ad80 (标志=00000000), 实际值=3d47ad80
随机测试 744: 通过 - a=aa9e, b=72a4, softfloat=c42fc4e0 (标志=00000000), 实际值=c42fc4e0
随机测试 745: 通过 - a=e424, b=3d8b, softfloat=c4b79c60 (标志=00000000), 实际值=c4b79c60
随机测试 746: 通过 - a=cd2f, b=0c36, softfloat=bbae9f50 (标志=00000000), 实际值=bbae9f50
随机测试 747: 通过 - a=a4c1, b=6ea6, softfloat=c2fcd930 (标志=00000000), 实际值=c2fcd930
随机测试 748: 通过 - a=3e86, b=0f8f, softfloat=3a453b68 (标志=00000000), 实际值=3a453b68
随机测试 749: 通过 - a=d583, b=1079, softfloat=bd453758 (标志=00000000), 实际值=bd453758
随机测试 750: 通过 - a=ee53, b=79c4, softfloat=cd91da30 (标志=00000000), 实际值=cd91da30
随机测试 751: 通过 - a=3e60, b=7ec6, softfloat=7fd8c000 (标志=00000000), 实际值=7fc00000
随机测试 752: 通过 - a=8785, b=0203, softfloat=b17208f0 (标志=00000000), 实际值=b17208f0
随机测试 753: 通过 - a=70cf, b=d53c, softfloat=c9495c20 (标志=00000000), 实际值=c9495c20
随机测试 754: 通过 - a=744c, b=2a86, softfloat=44603e40 (标志=00000000), 实际值=44603e40
随机测试 755: 通过 - a=b437, b=ef74, softfloat=44fb4f60 (标志=00000000), 实际值=44fb4f60
随机测试 756: 通过 - a=e3eb, b=2dc8, softfloat=c2b71a60 (标志=00000000), 实际值=c2b71a60
随机测试 757: 通过 - a=17f7, b=68c1, softfloat=409774dc (标志=00000000), 实际值=409774dc
随机测试 758: 通过 - a=bd30, b=04f5, softfloat=b8cdb780 (标志=00000000), 实际值=b8cdb780
随机测试 759: 通过 - a=6589, b=9d7c, softfloat=c0f2dae0 (标志=00000000), 实际值=c0f2dae0
随机测试 760: 通过 - a=b1f1, b=6e0b, softfloat=c48f9d6c (标志=00000000), 实际值=c48f9d6c
随机测试 761: 通过 - a=28ea, b=ab1c, softfloat=bb0bbe60 (标志=00000000), 实际值=bb0bbe60
随机测试 762: 通过 - a=2960, b=e5ae, softfloat=c2743a00 (标志=00000000), 实际值=c2743a00
随机测试 763: 通过 - a=b0d5, b=6bc0, softfloat=c415cb00 (标志=00000000), 实际值=c415cb00
随机测试 764: 通过 - a=5096, b=a61a, softfloat=bf5fd9e0 (标志=00000000), 实际值=bf5fd9e0
随机测试 765: 通过 - a=07ec, b=7b64, softfloat=40ea30c0 (标志=00000000), 实际值=40ea30c0
随机测试 766: 通过 - a=161e, b=ac30, softfloat=b8cced00 (标志=00000000), 实际值=b8cced00
随机测试 767: 通过 - a=f767, b=3689, softfloat=c641807c (标志=00000000), 实际值=c641807c
随机测试 768: 通过 - a=24e9, b=b516, softfloat=bbc7c830 (标志=00000000), 实际值=bbc7c830
随机测试 769: 通过 - a=0f5b, b=bb71, softfloat=b9daf0ac (标志=00000000), 实际值=b9daf0ac
随机测试 770: 通过 - a=e87c, b=3a6c, softfloat=c4e66280 (标志=00000000), 实际值=c4e66280
随机测试 771: 通过 - a=9841, b=e2b8, softfloat=3fe4a5c0 (标志=00000000), 实际值=3fe4a5c0
随机测试 772: 通过 - a=8da8, b=7a72, softfloat=c191d340 (标志=00000000), 实际值=c191d340
随机测试 773: 通过 - a=a0c0, b=4b7e, softfloat=be0e5a00 (标志=00000000), 实际值=be0e5a00
随机测试 774: 通过 - a=fcb3, b=7140, softfloat=ffd66000 (标志=00000010), 实际值=ffc00000
随机测试 775: 通过 - a=f464, b=4cd2, softfloat=c8a95040 (标志=00000000), 实际值=c8a95040
随机测试 776: 通过 - a=e741, b=d95d, softfloat=489b9e74 (标志=00000000), 实际值=489b9e74
随机测试 777: 通过 - a=1f4f, b=09a5, softfloat=35a503ac (标志=00000000), 实际值=35a503ac
随机测试 778: 通过 - a=b5d3, b=2fcf, softfloat=bd35ea74 (标志=00000000), 实际值=bd35ea74
随机测试 779: 通过 - a=6c7f, b=57ef, softfloat=490eae44 (标志=00000000), 实际值=490eae44
随机测试 780: 通过 - a=943b, b=ad08, softfloat=38aa46c0 (标志=00000000), 实际值=38aa46c0
随机测试 781: 通过 - a=e9c3, b=d542, softfloat=48725a30 (标志=00000000), 实际值=48725a30
随机测试 782: 通过 - a=6fd8, b=51b3, softfloat=48b2d020 (标志=00000000), 实际值=48b2d020
随机测试 783: 通过 - a=5ff7, b=de8b, softfloat=c8507474 (标志=00000000), 实际值=c8507474
随机测试 784: 通过 - a=f5f4, b=d9d0, softfloat=4a8a6900 (标志=00000000), 实际值=4a8a6900
随机测试 785: 通过 - a=5b97, b=902c, softfloat=bdfd4fa0 (标志=00000000), 实际值=bdfd4fa0
随机测试 786: 通过 - a=8c1c, b=bc1b, softfloat=3986f7a0 (标志=00000000), 实际值=3986f7a0
随机测试 787: 通过 - a=2b52, b=c734, softfloat=bed2eaa0 (标志=00000000), 实际值=bed2eaa0
随机测试 788: 通过 - a=67c6, b=3b40, softfloat=44e16e00 (标志=00000000), 实际值=44e16e00
随机测试 789: 通过 - a=dba0, b=1ddb, softfloat=bfb29780 (标志=00000000), 实际值=bfb29780
随机测试 790: 通过 - a=6c27, b=4fbb, softfloat=480065f4 (标志=00000000), 实际值=480065f4
随机测试 791: 通过 - a=3404, b=ed18, softfloat=c4a3a300 (标志=00000000), 实际值=c4a3a300
随机测试 792: 通过 - a=4c87, b=b2fc, softfloat=c07cf720 (标志=00000000), 实际值=c07cf720
随机测试 793: 通过 - a=c40b, b=5661, softfloat=c3ce5158 (标志=00000000), 实际值=c3ce5158
随机测试 794: 通过 - a=70eb, b=e7a8, softfloat=cb969ce0 (标志=00000000), 实际值=cb969ce0
随机测试 795: 通过 - a=d799, b=3276, softfloat=c1c45a18 (标志=00000000), 实际值=c1c45a18
随机测试 796: 通过 - a=0674, b=2488, softfloat=35e9ed00 (标志=00000000), 实际值=35e9ed00
随机测试 797: 通过 - a=79b4, b=1f4c, softfloat=43a675c0 (标志=00000000), 实际值=43a675c0
随机测试 798: 通过 - a=f84b, b=670d, softfloat=cc722678 (标志=00000000), 实际值=cc722678
随机测试 799: 通过 - a=743f, b=76eb, softfloat=4deafea8 (标志=00000000), 实际值=4deafea8
随机测试 800: 通过 - a=f369, b=6bec, softfloat=cc6acf30 (标志=00000000), 实际值=cc6acf30
随机测试 801: 通过 - a=58e6, b=5665, softfloat=467a95f0 (标志=00000000), 实际值=467a95f0
随机测试 802: 通过 - a=6119, b=adc1, softfloat=c26aa6c8 (标志=00000000), 实际值=c26aa6c8
随机测试 803: 通过 - a=6eb2, b=9ba4, softfloat=c1cca020 (标志=00000000), 实际值=c1cca020
随机测试 804: 通过 - a=718e, b=693c, softfloat=4be89a40 (标志=00000000), 实际值=4be89a40
随机测试 805: 通过 - a=c572, b=de4e, softfloat=450952f0 (标志=00000000), 实际值=450952f0
随机测试 806: 通过 - a=0f61, b=9bc1, softfloat=b5e4dc84 (标志=00000000), 实际值=b5e4dc84
随机测试 807: 通过 - a=2386, b=7d69, softfloat=7fed2000 (标志=00000010), 实际值=7fc00000
随机测试 808: 通过 - a=e252, b=ff02, softfloat=ffe04000 (标志=00000000), 实际值=7fc00000
随机测试 809: 通过 - a=182b, b=9502, softfloat=b626fab0 (标志=00000000), 实际值=b626fab0
随机测试 810: 通过 - a=5d20, b=0f84, softfloat=3e1a1200 (标志=00000000), 实际值=3e1a1200
随机测试 811: 通过 - a=f3d6, b=fe8e, softfloat=ffd1c000 (标志=00000000), 实际值=7fc00000
随机测试 812: 通过 - a=a9d4, b=0b82, softfloat=b72f06a0 (标志=00000000), 实际值=b72f06a0
随机测试 813: 通过 - a=bbc3, b=5833, softfloat=c3025f64 (标志=00000000), 实际值=c3025f64
随机测试 814: 通过 - a=b157, b=eb33, softfloat=4419c554 (标志=00000000), 实际值=4419c554
随机测试 815: 通过 - a=3d48, b=fec3, softfloat=ffd86000 (标志=00000000), 实际值=ffc00000
随机测试 816: 通过 - a=20a4, b=6ee0, softfloat=427f3c00 (标志=00000000), 实际值=427f3c00
随机测试 817: 通过 - a=0702, b=0d8a, softfloat=331b4450 (标志=00000000), 实际值=331b4450
随机测试 818: 通过 - a=677b, b=0ec2, softfloat=3f4a34d8 (标志=00000000), 实际值=3f4a34d8
随机测试 819: 通过 - a=637d, b=5ec0, softfloat=48ca2f00 (标志=00000000), 实际值=48ca2f00
随机测试 820: 通过 - a=abe2, b=082b, softfloat=b7036bd8 (标志=00000000), 实际值=b7036bd8
随机测试 821: 通过 - a=5c65, b=90c4, softfloat=be278aa0 (标志=00000000), 实际值=be278aa0
随机测试 822: 通过 - a=df4c, b=58e3, softfloat=c78ea190 (标志=00000000), 实际值=c78ea190
随机测试 823: 通过 - a=c2dd, b=fdda, softfloat=fffb4000 (标志=00000010), 实际值=7fc00000
随机测试 824: 通过 - a=abc9, b=b940, softfloat=3d237d00 (标志=00000000), 实际值=3d237d00
随机测试 825: 通过 - a=1f17, b=c3b4, softfloat=bcda74b0 (标志=00000000), 实际值=bcda74b0
随机测试 826: 通过 - a=7b06, b=a8e1, softfloat=c5091118 (标志=00000000), 实际值=c5091118
随机测试 827: 通过 - a=bebe, b=bb69, softfloat=3fc7d7b8 (标志=00000000), 实际值=3fc7d7b8
随机测试 828: 通过 - a=7a8a, b=6194, softfloat=4c11e720 (标志=00000000), 实际值=4c11e720
随机测试 829: 通过 - a=ad4d, b=8220, softfloat=36343a00 (标志=00000000), 实际值=36343a00
随机测试 830: 通过 - a=99f3, b=e154, softfloat=3ffd95e0 (标志=00000000), 实际值=3ffd95e0
随机测试 831: 通过 - a=b4f0, b=7620, softfloat=c5f1f000 (标志=00000000), 实际值=c5f1f000
随机测试 832: 通过 - a=7f96, b=e1da, softfloat=7ff2c000 (标志=00000000), 实际值=ffc00000
随机测试 833: 通过 - a=65fe, b=b381, softfloat=c3b3dbf8 (标志=00000000), 实际值=c3b3dbf8
随机测试 834: 通过 - a=9b5f, b=dfba, softfloat=3fe3d018 (标志=00000000), 实际值=3fe3d018
随机测试 835: 通过 - a=06aa, b=1336, softfloat=33c03770 (标志=00000000), 实际值=33c03770
随机测试 836: 通过 - a=173b, b=1687, softfloat=363cc874 (标志=00000000), 实际值=363cc874
随机测试 837: 通过 - a=a603, b=32a1, softfloat=bb9f678c (标志=00000000), 实际值=bb9f678c
随机测试 838: 通过 - a=dfed, b=84ed, softfloat=3d1c29a4 (标志=00000000), 实际值=3d1c29a4
随机测试 839: 通过 - a=12d5, b=6d76, softfloat=40953cb8 (标志=00000000), 实际值=40953cb8
随机测试 840: 通过 - a=a0aa, b=e53f, softfloat=4143beb0 (标志=00000000), 实际值=4143beb0
随机测试 841: 通过 - a=d48e, b=e119, softfloat=4739bef0 (标志=00000000), 实际值=4739bef0
随机测试 842: 通过 - a=c747, b=b079, softfloat=3f82323c (标志=00000000), 实际值=3f82323c
随机测试 843: 通过 - a=39b3, b=6632, softfloat=448d3bd8 (标志=00000000), 实际值=448d3bd8
随机测试 844: 通过 - a=7c5b, b=2917, softfloat=7fcb6000 (标志=00000010), 实际值=7fc00000
随机测试 845: 通过 - a=4d07, b=9cb5, softfloat=bdbd4f98 (标志=00000000), 实际值=bdbd4f98
随机测试 846: 通过 - a=b030, b=44d7, softfloat=bf222280 (标志=00000000), 实际值=bf222280
随机测试 847: 通过 - a=ddf0, b=de0c, softfloat=480f9d00 (标志=00000000), 实际值=480f9d00
随机测试 848: 通过 - a=0ccc, b=c3bf, softfloat=ba94a0d0 (标志=00000000), 实际值=ba94a0d0
随机测试 849: 通过 - a=7045, b=48ab, softfloat=479f70b8 (标志=00000000), 实际值=479f70b8
随机测试 850: 通过 - a=fefc, b=207e, softfloat=ffdf8000 (标志=00000000), 实际值=ffc00000
随机测试 851: 通过 - a=5907, b=b7aa, softfloat=c29a1e98 (标志=00000000), 实际值=c29a1e98
随机测试 852: 通过 - a=b1aa, b=9785, softfloat=39aa5d48 (标志=00000000), 实际值=39aa5d48
随机测试 853: 通过 - a=a12c, b=c4c2, softfloat=3d44dac0 (标志=00000000), 实际值=3d44dac0
随机测试 854: 通过 - a=0e60, b=21e0, softfloat=3695d000 (标志=00000000), 实际值=3695d000
随机测试 855: 通过 - a=1111, b=cc42, softfloat=bc2c9310 (标志=00000000), 实际值=bc2c9310
随机测试 856: 通过 - a=c74e, b=7e41, softfloat=7fc82000 (标志=00000000), 实际值=ffc00000
随机测试 857: 通过 - a=3aa6, b=ee4d, softfloat=c5a78fb8 (标志=00000000), 实际值=c5a78fb8
随机测试 858: 通过 - a=42a4, b=2a3c, softfloat=3e2599c0 (标志=00000000), 实际值=3e2599c0
随机测试 859: 通过 - a=65f0, b=020a, softfloat=3d41b600 (标志=00000000), 实际值=3d41b600
随机测试 860: 通过 - a=aea3, b=5f1a, softfloat=c23c8638 (标志=00000000), 实际值=c23c8638
随机测试 861: 通过 - a=9efd, b=a709, softfloat=3944a794 (标志=00000000), 实际值=3944a794
随机测试 862: 通过 - a=f936, b=1b59, softfloat=c3192718 (标志=00000000), 实际值=c3192718
随机测试 863: 通过 - a=b3d7, b=3687, softfloat=bdccb184 (标志=00000000), 实际值=bdccb184
随机测试 864: 通过 - a=cd69, b=172c, softfloat=bd1b3430 (标志=00000000), 实际值=bd1b3430
随机测试 865: 通过 - a=2e99, b=cfdd, softfloat=c04f8454 (标志=00000000), 实际值=c04f8454
随机测试 866: 通过 - a=92a0, b=d01a, softfloat=3cd96200 (标志=00000000), 实际值=3cd96200
随机测试 867: 通过 - a=5d38, b=4abc, softfloat=458c9480 (标志=00000000), 实际值=458c9480
随机测试 868: 通过 - a=7ad9, b=850f, softfloat=c08a8edc (标志=00000000), 实际值=c08a8edc
随机测试 869: 通过 - a=4819, b=457d, softfloat=4233e9a8 (标志=00000000), 实际值=4233e9a8
随机测试 870: 通过 - a=6ed9, b=2ff6, softfloat=445a0e18 (标志=00000000), 实际值=445a0e18
随机测试 871: 通过 - a=c00d, b=1d3a, softfloat=bc295f90 (标志=00000000), 实际值=bc295f90
随机测试 872: 通过 - a=1ca3, b=8b40, softfloat=b5867700 (标志=00000000), 实际值=b5867700
随机测试 873: 通过 - a=4fcd, b=eae2, softfloat=c7d6c3e8 (标志=00000000), 实际值=c7d6c3e8
随机测试 874: 通过 - a=eff8, b=1352, softfloat=c0e955c0 (标志=00000000), 实际值=c0e955c0
随机测试 875: 通过 - a=4085, b=8e0b, softfloat=ba5a7db8 (标志=00000000), 实际值=ba5a7db8
随机测试 876: 通过 - a=1258, b=0765, softfloat=33bba2e0 (标志=00000000), 实际值=33bba2e0
随机测试 877: 通过 - a=a094, b=a1ad, softfloat=38cfe020 (标志=00000000), 实际值=38cfe020
随机测试 878: 通过 - a=7145, b=5eb1, softfloat=4a8d0ad4 (标志=00000000), 实际值=4a8d0ad4
随机测试 879: 通过 - a=3b0d, b=7e88, softfloat=7fd10000 (标志=00000000), 实际值=7fc00000
随机测试 880: 通过 - a=bb28, b=d878, softfloat=42ffd600 (标志=00000000), 实际值=42ffd600
随机测试 881: 通过 - a=9c15, b=4468, softfloat=bc8fe440 (标志=00000000), 实际值=bc8fe440
随机测试 882: 通过 - a=56b1, b=f0d2, softfloat=c98104c8 (标志=00000000), 实际值=c98104c8
随机测试 883: 通过 - a=11bc, b=cf01, softfloat=bca0a6f0 (标志=00000000), 实际值=bca0a6f0
随机测试 884: 通过 - a=7408, b=e3c9, softfloat=cb7b1240 (标志=00000000), 实际值=cb7b1240
随机测试 885: 通过 - a=a25a, b=b69e, softfloat=3ba81e30 (标志=00000000), 实际值=3ba81e30
随机测试 886: 通过 - a=00a5, b=aba4, softfloat=b51d9680 (标志=00000000), 实际值=b51d9680
随机测试 887: 通过 - a=211d, b=5c50, softfloat=40306880 (标志=00000000), 实际值=40306880
随机测试 888: 通过 - a=a230, b=04eb, softfloat=b5737080 (标志=00000000), 实际值=b5737080
随机测试 889: 通过 - a=14cb, b=d8e3, softfloat=be3b6008 (标志=00000000), 实际值=be3b6008
随机测试 890: 通过 - a=ca35, b=6c1c, softfloat=c74c0e60 (标志=00000000), 实际值=c74c0e60
随机测试 891: 通过 - a=ca5d, b=0b47, softfloat=bb393b2c (标志=00000000), 实际值=bb393b2c
随机测试 892: 通过 - a=a407, b=1c76, softfloat=b88fb9d0 (标志=00000000), 实际值=b88fb9d0
随机测试 893: 通过 - a=508a, b=8aac, softfloat=bbf245c0 (标志=00000000), 实际值=bbf245c0
随机测试 894: 通过 - a=1bb6, b=14ee, softfloat=36980cd0 (标志=00000000), 实际值=36980cd0
随机测试 895: 通过 - a=72d2, b=b7ff, softfloat=c5da24b8 (标志=00000000), 实际值=c5da24b8
随机测试 896: 通过 - a=d85c, b=0dae, softfloat=bd461440 (标志=00000000), 实际值=bd461440
随机测试 897: 通过 - a=b82c, b=aa10, softfloat=3cca5600 (标志=00000000), 实际值=3cca5600
随机测试 898: 通过 - a=4bad, b=8224, softfloat=ba0372a0 (标志=00000000), 实际值=ba0372a0
随机测试 899: 通过 - a=72e8, b=4307, softfloat=47422160 (标志=00000000), 实际值=47422160
随机测试 900: 通过 - a=9e10, b=b30f, softfloat=3aab2bc0 (标志=00000000), 实际值=3aab2bc0
随机测试 901: 通过 - a=acd8, b=196a, softfloat=b951cb80 (标志=00000000), 实际值=b951cb80
随机测试 902: 通过 - a=c027, b=9992, softfloat=3bb909f0 (标志=00000000), 实际值=3bb909f0
随机测试 903: 通过 - a=2e6c, b=8c72, softfloat=b7e460c0 (标志=00000000), 实际值=b7e460c0
随机测试 904: 通过 - a=5816, b=efaf, softfloat=c97b2850 (标志=00000000), 实际值=c97b2850
随机测试 905: 通过 - a=8abe, b=b6d3, softfloat=38b80a68 (标志=00000000), 实际值=38b80a68
随机测试 906: 通过 - a=d866, b=3432, softfloat=c2139f60 (标志=00000000), 实际值=c2139f60
随机测试 907: 通过 - a=0639, b=76c8, softfloat=4028ca20 (标志=00000000), 实际值=4028ca20
随机测试 908: 通过 - a=67d6, b=a585, softfloat=c22d00b8 (标志=00000000), 实际值=c22d00b8
随机测试 909: 通过 - a=b2f1, b=6585, softfloat=c39940d4 (标志=00000000), 实际值=c39940d4
随机测试 910: 通过 - a=f2f8, b=3856, softfloat=c5f1ba80 (标志=00000000), 实际值=c5f1ba80
随机测试 911: 通过 - a=593d, b=dfd5, softfloat=c7a41b04 (标志=00000000), 实际值=c7a41b04
随机测试 912: 通过 - a=27f1, b=ae96, softfloat=bb5134d8 (标志=00000000), 实际值=bb5134d8
随机测试 913: 通过 - a=86a9, b=0117, softfloat=b0e845e0 (标志=00000000), 实际值=b0e845e0
随机测试 914: 通过 - a=702b, b=82c3, softfloat=beb82c10 (标志=00000000), 实际值=beb82c10
随机测试 915: 通过 - a=86ea, b=a754, softfloat=364aab20 (标志=00000000), 实际值=364aab20
随机测试 916: 通过 - a=fb64, b=f0f4, softfloat=4e126d40 (标志=00000000), 实际值=4e126d40
随机测试 917: 通过 - a=65d5, b=6a9f, softfloat=4a9a752c (标志=00000000), 实际值=4a9a752c
随机测试 918: 通过 - a=b0db, b=f4a4, softfloat=45344260 (标志=00000000), 实际值=45344260
随机测试 919: 通过 - a=eeff, b=ad83, softfloat=441a3df4 (标志=00000000), 实际值=441a3df4
随机测试 920: 通过 - a=410a, b=4baa, softfloat=421a7a90 (标志=00000000), 实际值=421a7a90
随机测试 921: 通过 - a=af1c, b=85ae, softfloat=37218420 (标志=00000000), 实际值=37218420
随机测试 922: 通过 - a=15ac, b=6e65, softfloat=41111370 (标志=00000000), 实际值=41111370
随机测试 923: 通过 - a=f2b2, b=d390, softfloat=494a8880 (标志=00000000), 实际值=494a8880
随机测试 924: 通过 - a=5980, b=9a82, softfloat=bf0f2c00 (标志=00000000), 实际值=bf0f2c00
随机测试 925: 通过 - a=c538, b=2f32, softfloat=bf1633c0 (标志=00000000), 实际值=bf1633c0
随机测试 926: 通过 - a=fa94, b=cd68, softfloat=498e4080 (标志=00000000), 实际值=498e4080
随机测试 927: 通过 - a=f13e, b=f7e8, softfloat=4da5c8c0 (标志=00000000), 实际值=4da5c8c0
随机测试 928: 通过 - a=a568, b=c2ac, softfloat=3d904780 (标志=00000000), 实际值=3d904780
随机测试 929: 通过 - a=05ad, b=4632, softfloat=3a0ca728 (标志=00000000), 实际值=3a0ca728
随机测试 930: 通过 - a=c4d8, b=f49c, softfloat=47b29d00 (标志=00000000), 实际值=47b29d00
随机测试 931: 通过 - a=4bc8, b=fa66, softfloat=c94726c0 (标志=00000000), 实际值=c94726c0
随机测试 932: 通过 - a=840b, b=a043, softfloat=3509d708 (标志=00000000), 实际值=3509d708
随机测试 933: 通过 - a=cee8, b=ac70, softfloat=3ff52c00 (标志=00000000), 实际值=3ff52c00
随机测试 934: 通过 - a=d157, b=c3f3, softfloat=4329ca54 (标志=00000000), 实际值=4329ca54
随机测试 935: 通过 - a=5eb0, b=bc5f, softfloat=c3e9da80 (标志=00000000), 实际值=c3e9da80
随机测试 936: 通过 - a=565c, b=14b8, softfloat=3df01100 (标志=00000000), 实际值=3df01100
随机测试 937: 通过 - a=85b6, b=42e6, softfloat=b99d9610 (标志=00000000), 实际值=b99d9610
随机测试 938: 通过 - a=8141, b=16bd, softfloat=b3072fd0 (标志=00000000), 实际值=b3072fd0
随机测试 939: 通过 - a=8e3c, b=1e99, softfloat=b6248770 (标志=00000000), 实际值=b6248770
随机测试 940: 通过 - a=7a5d, b=0015, softfloat=3d85a100 (标志=00000000), 实际值=3d85a100
随机测试 941: 通过 - a=8423, b=e823, softfloat=3e08e648 (标志=00000000), 实际值=3e08e648
随机测试 942: 通过 - a=332a, b=d2da, softfloat=c1445710 (标志=00000000), 实际值=c1445710
随机测试 943: 通过 - a=389c, b=ff12, softfloat=ffe24000 (标志=00000000), 实际值=ffc00000
随机测试 944: 通过 - a=52df, b=4526, softfloat=438d8068 (标志=00000000), 实际值=438d8068
随机测试 945: 通过 - a=31b5, b=7c91, softfloat=7fd22000 (标志=00000010), 实际值=7fc00000
随机测试 946: 通过 - a=487b, b=d4d3, softfloat=c42ceb08 (标志=00000000), 实际值=c42ceb08
随机测试 947: 通过 - a=bd5f, b=3cb2, softfloat=bfc9c070 (标志=00000000), 实际值=bfc9c070
随机测试 948: 通过 - a=3fa8, b=be80, softfloat=c0471000 (标志=00000000), 实际值=c0471000
随机测试 949: 通过 - a=e902, b=de8c, softfloat=49832460 (标志=00000000), 实际值=49832460
随机测试 950: 通过 - a=2146, b=fed3, softfloat=ffda6000 (标志=00000000), 实际值=ffc00000
随机测试 951: 通过 - a=7e34, b=bcdb, softfloat=7fc68000 (标志=00000000), 实际值=ffc00000
随机测试 952: 通过 - a=9df4, b=5069, softfloat=be5208a0 (标志=00000000), 实际值=be5208a0
随机测试 953: 通过 - a=0ab0, b=f065, softfloat=bfeb1b80 (标志=00000000), 实际值=bfeb1b80
随机测试 954: 通过 - a=1c79, b=2e7a, softfloat=39e7bd50 (标志=00000000), 实际值=39e7bd50
随机测试 955: 通过 - a=d91e, b=58d5, softfloat=c6c5cfb0 (标志=00000000), 实际值=c6c5cfb0
随机测试 956: 通过 - a=cf58, b=d99b, softfloat=45a4a920 (标志=00000000), 实际值=45a4a920
随机测试 957: 通过 - a=f7cf, b=9242, softfloat=41c37578 (标志=00000000), 实际值=41c37578
随机测试 958: 通过 - a=9a72, b=479a, softfloat=bcc3fa50 (标志=00000000), 实际值=bcc3fa50
随机测试 959: 通过 - a=2ff8, b=f722, softfloat=c5635bc0 (标志=00000000), 实际值=c5635bc0
随机测试 960: 通过 - a=3307, b=38f0, softfloat=3e0aca40 (标志=00000000), 实际值=3e0aca40
随机测试 961: 通过 - a=0f92, b=a3da, softfloat=b6edc150 (标志=00000000), 实际值=b6edc150
随机测试 962: 通过 - a=fdf2, b=27c5, softfloat=fffe4000 (标志=00000010), 实际值=ffc00000
随机测试 963: 通过 - a=e165, b=70a8, softfloat=cac8f240 (标志=00000000), 实际值=cac8f240
随机测试 964: 通过 - a=2973, b=4fe6, softfloat=3fac2948 (标志=00000000), 实际值=3fac2948
随机测试 965: 通过 - a=b06c, b=0016, softfloat=b4429000 (标志=00000000), 实际值=b4429000
随机测试 966: 通过 - a=a36c, b=accd, softfloat=3a8e85f0 (标志=00000000), 实际值=3a8e85f0
随机测试 967: 通过 - a=4d16, b=adc1, softfloat=bfea1cb0 (标志=00000000), 实际值=bfea1cb0
随机测试 968: 通过 - a=1250, b=fa07, softfloat=c21830c0 (标志=00000000), 实际值=c21830c0
随机测试 969: 通过 - a=3e8a, b=8e90, softfloat=ba2ba680 (标志=00000000), 实际值=ba2ba680
随机测试 970: 通过 - a=e8bd, b=b816, softfloat=449ae1f0 (标志=00000000), 实际值=449ae1f0
随机测试 971: 通过 - a=d57b, b=852e, softfloat=3be318d0 (标志=00000000), 实际值=3be318d0
随机测试 972: 通过 - a=50f8, b=1f2e, softfloat=3e8eb240 (标志=00000000), 实际值=3e8eb240
随机测试 973: 通过 - a=19af, b=2cef, softfloat=39605308 (标志=00000000), 实际值=39605308
随机测试 974: 通过 - a=353d, b=2cce, softfloat=3cc958b0 (标志=00000000), 实际值=3cc958b0
随机测试 975: 通过 - a=d6c9, b=dee0, softfloat=473a9780 (标志=00000000), 实际值=473a9780
随机测试 976: 通过 - a=412d, b=9ab2, softfloat=bc0a9d28 (标志=00000000), 实际值=bc0a9d28
随机测试 977: 通过 - a=9c6f, b=b82d, softfloat=3b141c18 (标志=00000000), 实际值=3b141c18
随机测试 978: 通过 - a=e033, b=e706, softfloat=496bf190 (标志=00000000), 实际值=496bf190
随机测试 979: 通过 - a=b567, b=94ac, softfloat=39c9e9a0 (标志=00000000), 实际值=39c9e9a0
随机测试 980: 通过 - a=423e, b=4d69, softfloat=428715b8 (标志=00000000), 实际值=428715b8
随机测试 981: 通过 - a=2ac6, b=13ad, softfloat=384ff738 (标志=00000000), 实际值=384ff738
随机测试 982: 通过 - a=53a5, b=c9a4, softfloat=c42c7ad0 (标志=00000000), 实际值=c42c7ad0
随机测试 983: 通过 - a=cdba, b=8cd6, softfloat=3bdd8be0 (标志=00000000), 实际值=3bdd8be0
随机测试 984: 通过 - a=b888, b=1693, softfloat=ba6e50c0 (标志=00000000), 实际值=ba6e50c0
随机测试 985: 通过 - a=241b, b=1c40, softfloat=388b9600 (标志=00000000), 实际值=388b9600
随机测试 986: 通过 - a=e78f, b=b140, softfloat=439ebb00 (标志=00000000), 实际值=439ebb00
随机测试 987: 通过 - a=814d, b=a085, softfloat=343c2020 (标志=00000000), 实际值=343c2020
随机测试 988: 通过 - a=0358, b=d79c, softfloat=bbcb8d00 (标志=00000000), 实际值=bbcb8d00
随机测试 989: 通过 - a=e892, b=b504, softfloat=44376240 (标志=00000000), 实际值=44376240
随机测试 990: 通过 - a=fd72, b=81d7, softfloat=ffee4000 (标志=00000010), 实际值=7fc00000
随机测试 991: 通过 - a=2f5f, b=b60c, softfloat=bd3249d0 (标志=00000000), 实际值=bd3249d0
随机测试 992: 通过 - a=7f33, b=6cc7, softfloat=7fe66000 (标志=00000000), 实际值=7fc00000
随机测试 993: 通过 - a=d9cf, b=bc20, softfloat=433faf00 (标志=00000000), 实际值=433faf00
随机测试 994: 通过 - a=f64c, b=1963, softfloat=c287ad90 (标志=00000000), 实际值=c287ad90
随机测试 995: 通过 - a=36cd, b=a91c, softfloat=bc8afdb0 (标志=00000000), 实际值=bc8afdb0
随机测试 996: 通过 - a=8e72, b=bcb4, softfloat=39f28140 (标志=00000000), 实际值=39f28140
随机测试 997: 通过 - a=550a, b=1564, softfloat=3dd94f40 (标志=00000000), 实际值=3dd94f40
随机测试 998: 通过 - a=32e6, b=5553, softfloat=4192ea48 (标志=00000000), 实际值=4192ea48
随机测试 999: 通过 - a=fd5c, b=5cd6, softfloat=ffeb8000 (标志=00000010), 实际值=ffc00000
随机测试完成
=== 测试完成 ===
总测试数: 1203
通过: 1203
失败: 0
通过率: 100.0%
*** 所有测试通过! ***
$finish called from file "/home/Sunny/SMC/03_fp16_to_fp32_multiplier/tb_fp16_to_fp32_multiplier.v", line 608.
$finish at simulation time            125555000

---------------------------------------------------------------------------
VCS Coverage Metrics: during simulation line, cond, FSM, branch, tgl was monitored
---------------------------------------------------------------------------

 Coverage status: End of All Coverages ...

           V C S   S i m u l a t i o n   R e p o r t 
Time: 125555000 ps
CPU Time:      0.400 seconds;       Data structure size:   0.0Mb
Wed Sep  3 11:34:34 2025
