
Warning-[LINX_KRNL] Unsupported Linux kernel
  Linux kernel '5.15.0-139-generic' is not supported.
  Supported versions are 2.4* or 2.6*.

                         Chronologic VCS (TM)
       Version O-2018.09-SP2_Full64 -- Wed Sep  3 11:34:31 2025
               Copyright (c) 1991-2018 by Synopsys Inc.
                         ALL RIGHTS RESERVED

This program is proprietary and confidential information of Synopsys Inc.
and may be used and disclosed only as authorized in a license agreement
controlling such use and disclosure.

Parsing design file '/home/Sunny/SMC/03_fp16_to_fp32_multiplier/fp16_to_fp32_multiplier.v'
Parsing included file '/home/Sunny/SMC/global_defines.v'.
Back to file '/home/Sunny/SMC/03_fp16_to_fp32_multiplier/fp16_to_fp32_multiplier.v'.
Parsing design file '/home/Sunny/SMC/03_fp16_to_fp32_multiplier/tb_fp16_to_fp32_multiplier.v'
Top Level Modules:
       tb_fp16_to_fp32_multiplier
TimeScale is 1 ns / 1 ps
VCS Coverage Metrics Release O-2018.09-SP2_Full64 Copyright (c) 1991-2018 by Synopsys Inc.
Starting vcs inline pass...
1 module and 0 UDP read.
recompiling module tb_fp16_to_fp32_multiplier
rm -f _csrc*.so pre_vcsobj_*.so share_vcsobj_*.so
if [ -x ../simv ]; then chmod -x ../simv; fi
g++  -o ../simv -no-pie  -Wl,--no-as-needed    -Wl,-rpath-link=./ -Wl,-rpath='$ORIGIN'/simv.daidir/ -Wl,-rpath=./simv.daidir/ -Wl,-rpath='$ORIGIN'/simv.daidir//scsim.db.dir  -L/usr/lib/x86_64-linux-gnu -L/lib/x86_64-linux-gnu -Wl,--no-as-needed -Wl,-rpath,/home/Sunny/SMC/03_fp16_to_fp32_multiplier/sim_output -L/home/Sunny/SMC/03_fp16_to_fp32_multiplier/sim_output -lruntime -rdynamic  -Wl,-rpath=/usr/software/vcs2018/vcs/O-2018.09-SP2/linux64/lib -L/usr/software/vcs2018/vcs/O-2018.09-SP2/linux64/lib   objs/amcQw_d.o   _3387872_archive_1.so  SIM_l.o       rmapats_mop.o rmapats.o rmar.o rmar_nd.o  rmar_llvm_0_1.o rmar_llvm_0_0.o          -lzerosoft_rt_stubs -lvirsim -lerrorinf -lsnpsmalloc -lvfs    -lvcsnew -lsimprofile -lreader_common /usr/software/vcs2018/vcs/O-2018.09-SP2/linux64/lib/libBA.a -luclinative /usr/software/vcs2018/vcs/O-2018.09-SP2/linux64/lib/vcs_tls.o   -Wl,-whole-archive -lvcsucli -Wl,-no-whole-archive       ./../simv.daidir/vc_hdrs.o  _vcs_pli_stub_.o   /usr/software/vcs2018/vcs/O-2018.09-SP2/linux64/lib/vcs_save_restore_new.o /usr/software/verdi/verdi/Verdi_O-2018.09-SP2/share/PLI/VCS/LINUX64/pli.a -ldl  -lc -lm -lpthread -ldl 
../simv up to date
CPU time: .688 seconds to compile + .380 seconds to elab + .431 seconds to link
Verdi KDB elaboration done and the database successfully generated: 0 error(s), 0 warning(s)
