FPMUL 测试开始，时间:                    0
========================================

开始 FP16 乘法测试...
----------------------------------------
FP16 测试 0: 通过 - A=3c00, B=3c00, 期望=3c00, 实际=3c00 | 异常标志: 无异常
FP16 测试 1: 通过 - A=4000, B=3c00, 期望=4000, 实际=4000 | 异常标志: 无异常
FP16 测试 2: 通过 - A=3c00, B=4000, 期望=4000, 实际=4000 | 异常标志: 无异常
FP16 测试 3: 通过 - A=4000, B=4000, 期望=4400, 实际=4400 | 异常标志: 无异常
FP16 测试 4: 通过 - A=3800, B=3800, 期望=3400, 实际=3400 | 异常标志: 无异常
FP16 测试 5: 通过 - A=bc00, B=3c00, 期望=bc00, 实际=bc00 | 异常标志: 无异常
FP16 测试 6: 通过 - A=3c00, B=bc00, 期望=bc00, 实际=bc00 | 异常标志: 无异常
FP16 测试 7: 通过 - A=bc00, B=bc00, 期望=3c00, 实际=3c00 | 异常标志: 无异常
FP16 测试 8: 通过 - A=c000, B=4000, 期望=c400, 实际=c400 | 异常标志: 无异常
FP16 测试 9: 通过 - A=0000, B=3c00, 期望=0000, 实际=0000 | 异常标志: 无异常
FP16 测试 10: 通过 - A=3c00, B=0000, 期望=0000, 实际=0000 | 异常标志: 无异常
FP16 测试 11: 通过 - A=8000, B=3c00, 期望=8000, 实际=8000 | 异常标志: 无异常
FP16 测试 12: 通过 - A=0000, B=0000, 期望=0000, 实际=0000 | 异常标志: 无异常
FP16 测试 13: 通过 - A=8000, B=8000, 期望=0000, 实际=0000 | 异常标志: 无异常
FP16 测试 14: 通过 - A=7c00, B=3c00, 期望=7c00, 实际=7c00 | 异常标志: 无异常
FP16 测试 15: 通过 - A=3c00, B=7c00, 期望=7c00, 实际=7c00 | 异常标志: 无异常
FP16 测试 16: 通过 - A=fc00, B=3c00, 期望=fc00, 实际=fc00 | 异常标志: 无异常
FP16 测试 17: 通过 - A=7c00, B=7c00, 期望=7c00, 实际=7c00 | 异常标志: 无异常
FP16 测试 18: 通过 - A=7c00, B=fc00, 期望=fc00, 实际=fc00 | 异常标志: 无异常
FP16 测试 19: 通过 (NaN) - A=7c00, B=0000, 期望=fe00, 实际=7e00 | 异常标志: 无效
FP16 测试 20: 通过 (NaN) - A=7c01, B=3c00, 期望=7e01, 实际=7e00 | 异常标志: 无效
FP16 测试 21: 通过 (NaN) - A=3c00, B=7c01, 期望=7e01, 实际=7e00 | 异常标志: 无效
FP16 测试 22: 通过 (NaN) - A=7c01, B=7c01, 期望=7e01, 实际=7e00 | 异常标志: 无效
FP16 测试 23: 通过 (NaN) - A=7fff, B=3c00, 期望=7fff, 实际=7e00 | 异常标志: 无异常
FP16 测试 24: 通过 - A=0001, B=3c00, 期望=0001, 实际=0001 | 异常标志: 无异常
FP16 测试 25: 通过 - A=03ff, B=3c00, 期望=03ff, 实际=03ff | 异常标志: 无异常
FP16 测试 26: 通过 - A=0001, B=0001, 期望=0000, 实际=0000 | 异常标志: 不精确 下溢
FP16 测试 27: 通过 - A=8001, B=0001, 期望=8000, 实际=8000 | 异常标志: 不精确 下溢
FP16 测试 28: 通过 - A=7bff, B=3c00, 期望=7bff, 实际=7bff | 异常标志: 无异常
FP16 测试 29: 通过 - A=0400, B=3c00, 期望=0400, 实际=0400 | 异常标志: 无异常
FP16 测试 30: 通过 - A=7bff, B=7bff, 期望=7c00, 实际=7c00 | 异常标志: 不精确 上溢
FP16 测试 31: 通过 - A=0400, B=0400, 期望=0000, 实际=0000 | 异常标志: 不精确 下溢
FP16 测试 32: 通过 - A=4400, B=3e00, 期望=4600, 实际=4600 | 异常标志: 无异常
FP16 测试 33: 通过 - A=4800, B=3400, 期望=4000, 实际=4000 | 异常标志: 无异常
FP16 测试 34: 通过 - A=5400, B=2c00, 期望=4400, 实际=4400 | 异常标志: 无异常
FP16 测试 35: 通过 - A=3c01, B=3c01, 期望=3c02, 实际=3c02 | 异常标志: 不精确
FP16 测试 36: 通过 - A=3bff, B=4000, 期望=3fff, 实际=3fff | 异常标志: 无异常
FP16 测试 37: 通过 - A=4001, B=3fff, 期望=4400, 实际=4400 | 异常标志: 不精确
FP16 测试 38: 通过 - A=7800, B=0800, 期望=4400, 实际=4400 | 异常标志: 无异常
FP16 测试 39: 通过 - A=0800, B=7800, 期望=4400, 实际=4400 | 异常标志: 无异常
FP16 测试 40: 通过 - A=7800, B=7800, 期望=7c00, 实际=7c00 | 异常标志: 不精确 上溢
FP16 测试 41: 通过 - A=0200, B=0200, 期望=0000, 实际=0000 | 异常标志: 不精确 下溢
FP16 测试 42: 通过 - A=7a00, B=0600, 期望=4480, 实际=4480 | 异常标志: 无异常
FP16 测试 43: 通过 - A=7000, B=1000, 期望=4400, 实际=4400 | 异常标志: 无异常
FP16 测试 44: 通过 - A=5678, B=1234, 期望=2d04, 实际=2d04 | 异常标志: 不精确
FP16 测试 45: 通过 - A=abcd, B=4321, 期望=b2f4, 实际=b2f4 | 异常标志: 不精确
FP16 测试 46: 通过 (±1 tolerance) - A=2468, B=8642, 期望=801c, 实际=801b | 异常标志: 不精确 下溢
FP16 测试 47: 通过 (±1 tolerance) - A=1357, B=9753, 期望=801b, 实际=801a | 异常标志: 不精确 下溢
FP16 测试 48: 通过 - A=efef, B=1010, 期望=c407, 实际=c407 | 异常标志: 不精确
FP16 测试 49: 通过 - A=7777, B=2222, 期望=5db9, 实际=5db9 | 异常标志: 不精确

开始 FP32 乘法测试...
----------------------------------------
FP32 测试 0: 通过 - A=3f800000, B=3f800000, 期望=3f800000, 实际=3f800000 | 异常标志: 无异常
FP32 测试 1: 通过 - A=40000000, B=3f800000, 期望=40000000, 实际=40000000 | 异常标志: 无异常
FP32 测试 2: 通过 - A=3f800000, B=40000000, 期望=40000000, 实际=40000000 | 异常标志: 无异常
FP32 测试 3: 通过 - A=40000000, B=40000000, 期望=40800000, 实际=40800000 | 异常标志: 无异常
FP32 测试 4: 通过 - A=3f000000, B=3f000000, 期望=3e800000, 实际=3e800000 | 异常标志: 无异常
FP32 测试 5: 通过 - A=bf800000, B=3f800000, 期望=bf800000, 实际=bf800000 | 异常标志: 无异常
FP32 测试 6: 通过 - A=3f800000, B=bf800000, 期望=bf800000, 实际=bf800000 | 异常标志: 无异常
FP32 测试 7: 通过 - A=bf800000, B=bf800000, 期望=3f800000, 实际=3f800000 | 异常标志: 无异常
FP32 测试 8: 通过 - A=c0000000, B=40000000, 期望=c0800000, 实际=c0800000 | 异常标志: 无异常
FP32 测试 9: 通过 - A=00000000, B=3f800000, 期望=00000000, 实际=00000000 | 异常标志: 无异常
FP32 测试 10: 通过 - A=3f800000, B=00000000, 期望=00000000, 实际=00000000 | 异常标志: 无异常
FP32 测试 11: 通过 - A=80000000, B=3f800000, 期望=80000000, 实际=80000000 | 异常标志: 无异常
FP32 测试 12: 通过 - A=00000000, B=00000000, 期望=00000000, 实际=00000000 | 异常标志: 无异常
FP32 测试 13: 通过 - A=80000000, B=80000000, 期望=00000000, 实际=00000000 | 异常标志: 无异常
FP32 测试 14: 通过 - A=7f800000, B=3f800000, 期望=7f800000, 实际=7f800000 | 异常标志: 无异常
FP32 测试 15: 通过 - A=3f800000, B=7f800000, 期望=7f800000, 实际=7f800000 | 异常标志: 无异常
FP32 测试 16: 通过 - A=ff800000, B=3f800000, 期望=ff800000, 实际=ff800000 | 异常标志: 无异常
FP32 测试 17: 通过 - A=7f800000, B=7f800000, 期望=7f800000, 实际=7f800000 | 异常标志: 无异常
FP32 测试 18: 通过 - A=7f800000, B=ff800000, 期望=ff800000, 实际=ff800000 | 异常标志: 无异常
FP32 测试 19: 通过 (NaN) - A=7f800000, B=00000000, 期望=ffc00000, 实际=7fc00000 | 异常标志: 无效
FP32 测试 20: 通过 (NaN) - A=7f800001, B=3f800000, 期望=7fc00001, 实际=7fc00000 | 异常标志: 无效
FP32 测试 21: 通过 (NaN) - A=3f800000, B=7f800001, 期望=7fc00001, 实际=7fc00000 | 异常标志: 无效
FP32 测试 22: 通过 (NaN) - A=7f800001, B=7f800001, 期望=7fc00001, 实际=7fc00000 | 异常标志: 无效
FP32 测试 23: 通过 (NaN) - A=7fffffff, B=3f800000, 期望=7fffffff, 实际=7fc00000 | 异常标志: 无异常
FP32 测试 24: 通过 - A=00000001, B=3f800000, 期望=00000001, 实际=00000001 | 异常标志: 无异常
FP32 测试 25: 通过 - A=007fffff, B=3f800000, 期望=007fffff, 实际=007fffff | 异常标志: 无异常
FP32 测试 26: 通过 - A=00000001, B=00000001, 期望=00000000, 实际=00000000 | 异常标志: 不精确 下溢
FP32 测试 27: 通过 - A=80000001, B=00000001, 期望=80000000, 实际=80000000 | 异常标志: 不精确 下溢
FP32 测试 28: 通过 - A=7f7fffff, B=3f800000, 期望=7f7fffff, 实际=7f7fffff | 异常标志: 无异常
FP32 测试 29: 通过 - A=00800000, B=3f800000, 期望=00800000, 实际=00800000 | 异常标志: 无异常
FP32 测试 30: 通过 - A=7f7fffff, B=7f7fffff, 期望=7f800000, 实际=7f800000 | 异常标志: 不精确 上溢
FP32 测试 31: 通过 - A=00800000, B=00800000, 期望=00000000, 实际=00000000 | 异常标志: 不精确 下溢
FP32 测试 32: 通过 - A=40800000, B=3fc00000, 期望=40c00000, 实际=40c00000 | 异常标志: 无异常
FP32 测试 33: 通过 - A=41000000, B=3e800000, 期望=40000000, 实际=40000000 | 异常标志: 无异常
FP32 测试 34: 通过 - A=42800000, B=3d800000, 期望=40800000, 实际=40800000 | 异常标志: 无异常
FP32 测试 35: 通过 - A=3f800001, B=3f800001, 期望=3f800002, 实际=3f800002 | 异常标志: 不精确
FP32 测试 36: 通过 - A=3f7fffff, B=40000000, 期望=3fffffff, 实际=3fffffff | 异常标志: 无异常
FP32 测试 37: 通过 - A=40000001, B=3fffffff, 期望=40800000, 实际=40800000 | 异常标志: 不精确
FP32 测试 38: 通过 - A=7f000000, B=01000000, 期望=40800000, 实际=40800000 | 异常标志: 无异常
FP32 测试 39: 通过 - A=01000000, B=7f000000, 期望=40800000, 实际=40800000 | 异常标志: 无异常
FP32 测试 40: 通过 - A=7f000000, B=7f000000, 期望=7f800000, 实际=7f800000 | 异常标志: 不精确 上溢
FP32 测试 41: 通过 - A=01000000, B=01000000, 期望=00000000, 实际=00000000 | 异常标志: 不精确 下溢
FP32 测试 42: 通过 - A=7e000000, B=02000000, 期望=40800000, 实际=40800000 | 异常标志: 无异常
FP32 测试 43: 通过 - A=60000000, B=20000000, 期望=40800000, 实际=40800000 | 异常标志: 无异常
FP32 测试 44: 通过 - A=56789abc, B=12345678, 期望=292f20c5, 实际=292f20c5 | 异常标志: 不精确
FP32 测试 45: 通过 - A=abcdef01, B=43218765, 期望=af81f03a, 实际=af81f03a | 异常标志: 不精确
FP32 测试 46: 通过 - A=24681357, B=86420975, 期望=80000000, 实际=80000000 | 异常标志: 不精确 下溢
FP32 测试 47: 通过 - A=13579246, B=97531864, 期望=80000000, 实际=80000000 | 异常标志: 不精确 下溢
FP32 测试 48: 通过 - A=efef1010, B=10101010, 期望=c0868809, 实际=c0868809 | 异常标志: 不精确
FP32 测试 49: 通过 - A=77777777, B=22222222, 期望=5a1cba98, 实际=5a1cba98 | 异常标志: 不精确

测试指令无效情况...
----------------------------------------
通过: 指令无效测试

========================================
测试结果统计:
========================================
总测试数: 101
通过数: 101
失败数: 0
通过率: 100.00%

🎉 所有测试都通过了！
测试结束时间:              1020000
